2025-04-13 23:59:25,891 [trainer.py] => config: ./exps/fcs/cifar100/5/first_stage.json
2025-04-13 23:59:25,891 [trainer.py] => prefix: cil
2025-04-13 23:59:25,891 [trainer.py] => dataset: cifar100
2025-04-13 23:59:25,891 [trainer.py] => memory_size: 0
2025-04-13 23:59:25,891 [trainer.py] => shuffle: True
2025-04-13 23:59:25,891 [trainer.py] => init_cls: 50
2025-04-13 23:59:25,891 [trainer.py] => increment: 10
2025-04-13 23:59:25,891 [trainer.py] => model_name: fcs
2025-04-13 23:59:25,891 [trainer.py] => convnet_type: resnet18_cbam
2025-04-13 23:59:25,891 [trainer.py] => device: [device(type='cuda', index=0)]
2025-04-13 23:59:25,891 [trainer.py] => seed: 1993
2025-04-13 23:59:25,891 [trainer.py] => lambda_fkd: 10
2025-04-13 23:59:25,891 [trainer.py] => ckpt_num: 0
2025-04-13 23:59:25,891 [trainer.py] => ckpt_path: 
2025-04-13 23:59:25,892 [trainer.py] => contrast_T: 0.07
2025-04-13 23:59:25,892 [trainer.py] => lambda_contrast: 0.1
2025-04-13 23:59:25,892 [trainer.py] => lambda_proto: 10
2025-04-13 23:59:25,892 [trainer.py] => lambda_transfer: 1
2025-04-13 23:59:25,892 [trainer.py] => temp: 0.1
2025-04-13 23:59:25,892 [trainer.py] => epochs: 101
2025-04-13 23:59:25,892 [trainer.py] => lr: 0.001
2025-04-13 23:59:25,892 [trainer.py] => batch_size: 64
2025-04-13 23:59:25,892 [trainer.py] => weight_decay: 0.0002
2025-04-13 23:59:25,892 [trainer.py] => step_size: 45
2025-04-13 23:59:25,892 [trainer.py] => gamma: 0.1
2025-04-13 23:59:25,892 [trainer.py] => num_workers: 8
2025-04-13 23:59:25,892 [trainer.py] => is_task0: True
2025-04-13 23:59:25,892 [trainer.py] => log_dir: logs
2025-04-13 23:59:25,892 [trainer.py] => log_name: first_stage
2025-04-13 23:59:28,757 [data_manager.py] => [68, 56, 78, 8, 23, 84, 90, 65, 74, 76, 40, 89, 3, 92, 55, 9, 26, 80, 43, 38, 58, 70, 77, 1, 85, 19, 17, 50, 28, 53, 13, 81, 45, 82, 6, 59, 83, 16, 15, 44, 91, 41, 72, 60, 79, 52, 20, 10, 31, 54, 37, 95, 14, 71, 96, 98, 97, 2, 64, 66, 42, 22, 35, 86, 24, 34, 87, 21, 99, 0, 88, 27, 18, 94, 11, 12, 47, 25, 30, 46, 62, 69, 36, 61, 7, 63, 75, 5, 32, 4, 51, 48, 73, 93, 39, 67, 29, 49, 57, 33]
2025-04-13 23:59:29,173 [trainer.py] => All params: 11519312
2025-04-13 23:59:29,174 [trainer.py] => Trainable params: 11519312
2025-04-13 23:59:29,185 [fcs.py] => Learning on 0-50
2025-04-13 23:59:29,186 [fcs.py] => All params: 12250337
2025-04-13 23:59:29,186 [fcs.py] => Trainable params: 12250337
2025-04-13 23:59:50,440 [fcs.py] => Task 0, Epoch 1/101 => Loss 8.134, Loss_clf 7.525, Loss_fkd 0.000, Loss_proto 0.000, Loss_transfer 0.000, Loss_contrast 0.609, Train_accy 1.06, Test_accy 12.44
2025-04-14 00:00:05,850 [fcs.py] => Task 0, Epoch 2/101 => Loss 6.362, Loss_clf 5.803, Loss_fkd 0.000, Loss_proto 0.000, Loss_transfer 0.000, Loss_contrast 0.559, Train_accy 5.03
2025-04-14 00:00:20,605 [fcs.py] => Task 0, Epoch 3/101 => Loss 5.777, Loss_clf 5.264, Loss_fkd 0.000, Loss_proto 0.000, Loss_transfer 0.000, Loss_contrast 0.514, Train_accy 8.56
2025-04-14 00:00:35,469 [fcs.py] => Task 0, Epoch 4/101 => Loss 5.352, Loss_clf 4.866, Loss_fkd 0.000, Loss_proto 0.000, Loss_transfer 0.000, Loss_contrast 0.485, Train_accy 11.80
2025-04-14 00:00:51,065 [fcs.py] => Task 0, Epoch 5/101 => Loss 4.937, Loss_clf 4.480, Loss_fkd 0.000, Loss_proto 0.000, Loss_transfer 0.000, Loss_contrast 0.457, Train_accy 15.59
2025-04-14 00:01:06,387 [fcs.py] => Task 0, Epoch 6/101 => Loss 4.595, Loss_clf 4.162, Loss_fkd 0.000, Loss_proto 0.000, Loss_transfer 0.000, Loss_contrast 0.433, Train_accy 19.18, Test_accy 49.34
2025-04-14 00:01:21,797 [fcs.py] => Task 0, Epoch 7/101 => Loss 4.339, Loss_clf 3.924, Loss_fkd 0.000, Loss_proto 0.000, Loss_transfer 0.000, Loss_contrast 0.415, Train_accy 21.91
2025-04-14 00:01:36,611 [fcs.py] => Task 0, Epoch 8/101 => Loss 4.127, Loss_clf 3.725, Loss_fkd 0.000, Loss_proto 0.000, Loss_transfer 0.000, Loss_contrast 0.402, Train_accy 24.81
2025-04-14 00:01:51,347 [fcs.py] => Task 0, Epoch 9/101 => Loss 3.949, Loss_clf 3.553, Loss_fkd 0.000, Loss_proto 0.000, Loss_transfer 0.000, Loss_contrast 0.396, Train_accy 26.79
2025-04-14 00:02:06,142 [fcs.py] => Task 0, Epoch 10/101 => Loss 3.810, Loss_clf 3.415, Loss_fkd 0.000, Loss_proto 0.000, Loss_transfer 0.000, Loss_contrast 0.395, Train_accy 28.75
2025-04-14 00:02:21,447 [fcs.py] => Task 0, Epoch 11/101 => Loss 3.681, Loss_clf 3.297, Loss_fkd 0.000, Loss_proto 0.000, Loss_transfer 0.000, Loss_contrast 0.384, Train_accy 30.37, Test_accy 63.52
2025-04-14 00:02:36,217 [fcs.py] => Task 0, Epoch 12/101 => Loss 3.579, Loss_clf 3.201, Loss_fkd 0.000, Loss_proto 0.000, Loss_transfer 0.000, Loss_contrast 0.378, Train_accy 31.90
2025-04-14 00:02:50,936 [fcs.py] => Task 0, Epoch 13/101 => Loss 3.476, Loss_clf 3.105, Loss_fkd 0.000, Loss_proto 0.000, Loss_transfer 0.000, Loss_contrast 0.371, Train_accy 32.99
2025-04-14 00:03:05,665 [fcs.py] => Task 0, Epoch 14/101 => Loss 3.408, Loss_clf 3.039, Loss_fkd 0.000, Loss_proto 0.000, Loss_transfer 0.000, Loss_contrast 0.368, Train_accy 34.08
2025-04-14 00:03:20,523 [fcs.py] => Task 0, Epoch 15/101 => Loss 3.326, Loss_clf 2.961, Loss_fkd 0.000, Loss_proto 0.000, Loss_transfer 0.000, Loss_contrast 0.365, Train_accy 35.18
2025-04-14 00:03:35,763 [fcs.py] => Task 0, Epoch 16/101 => Loss 3.270, Loss_clf 2.907, Loss_fkd 0.000, Loss_proto 0.000, Loss_transfer 0.000, Loss_contrast 0.363, Train_accy 36.02, Test_accy 68.24
2025-04-14 00:03:50,620 [fcs.py] => Task 0, Epoch 17/101 => Loss 3.237, Loss_clf 2.872, Loss_fkd 0.000, Loss_proto 0.000, Loss_transfer 0.000, Loss_contrast 0.366, Train_accy 36.54
2025-04-14 00:04:05,497 [fcs.py] => Task 0, Epoch 18/101 => Loss 3.167, Loss_clf 2.807, Loss_fkd 0.000, Loss_proto 0.000, Loss_transfer 0.000, Loss_contrast 0.360, Train_accy 37.57
2025-04-14 00:04:20,391 [fcs.py] => Task 0, Epoch 19/101 => Loss 3.118, Loss_clf 2.759, Loss_fkd 0.000, Loss_proto 0.000, Loss_transfer 0.000, Loss_contrast 0.358, Train_accy 38.43
2025-04-14 00:04:35,119 [fcs.py] => Task 0, Epoch 20/101 => Loss 3.054, Loss_clf 2.697, Loss_fkd 0.000, Loss_proto 0.000, Loss_transfer 0.000, Loss_contrast 0.356, Train_accy 39.33
2025-04-14 00:04:50,326 [fcs.py] => Task 0, Epoch 21/101 => Loss 3.030, Loss_clf 2.675, Loss_fkd 0.000, Loss_proto 0.000, Loss_transfer 0.000, Loss_contrast 0.355, Train_accy 39.67, Test_accy 72.36
2025-04-14 00:05:06,337 [fcs.py] => Task 0, Epoch 22/101 => Loss 3.000, Loss_clf 2.647, Loss_fkd 0.000, Loss_proto 0.000, Loss_transfer 0.000, Loss_contrast 0.354, Train_accy 40.19
2025-04-14 00:05:21,584 [fcs.py] => Task 0, Epoch 23/101 => Loss 2.965, Loss_clf 2.611, Loss_fkd 0.000, Loss_proto 0.000, Loss_transfer 0.000, Loss_contrast 0.354, Train_accy 40.79
2025-04-14 00:05:36,310 [fcs.py] => Task 0, Epoch 24/101 => Loss 2.977, Loss_clf 2.620, Loss_fkd 0.000, Loss_proto 0.000, Loss_transfer 0.000, Loss_contrast 0.357, Train_accy 40.71
2025-04-14 00:05:51,133 [fcs.py] => Task 0, Epoch 25/101 => Loss 2.924, Loss_clf 2.570, Loss_fkd 0.000, Loss_proto 0.000, Loss_transfer 0.000, Loss_contrast 0.354, Train_accy 41.46
2025-04-14 00:06:06,312 [fcs.py] => Task 0, Epoch 26/101 => Loss 2.882, Loss_clf 2.530, Loss_fkd 0.000, Loss_proto 0.000, Loss_transfer 0.000, Loss_contrast 0.351, Train_accy 42.10, Test_accy 74.50
2025-04-14 00:06:21,408 [fcs.py] => Task 0, Epoch 27/101 => Loss 2.849, Loss_clf 2.501, Loss_fkd 0.000, Loss_proto 0.000, Loss_transfer 0.000, Loss_contrast 0.348, Train_accy 42.50
2025-04-14 00:06:37,006 [fcs.py] => Task 0, Epoch 28/101 => Loss 2.822, Loss_clf 2.471, Loss_fkd 0.000, Loss_proto 0.000, Loss_transfer 0.000, Loss_contrast 0.351, Train_accy 43.05
2025-04-14 00:06:52,583 [fcs.py] => Task 0, Epoch 29/101 => Loss 2.808, Loss_clf 2.461, Loss_fkd 0.000, Loss_proto 0.000, Loss_transfer 0.000, Loss_contrast 0.347, Train_accy 43.38
2025-04-14 00:07:07,789 [fcs.py] => Task 0, Epoch 30/101 => Loss 2.796, Loss_clf 2.448, Loss_fkd 0.000, Loss_proto 0.000, Loss_transfer 0.000, Loss_contrast 0.349, Train_accy 43.52
2025-04-14 00:07:23,468 [fcs.py] => Task 0, Epoch 31/101 => Loss 2.757, Loss_clf 2.410, Loss_fkd 0.000, Loss_proto 0.000, Loss_transfer 0.000, Loss_contrast 0.348, Train_accy 44.06, Test_accy 73.48
2025-04-14 00:07:38,259 [fcs.py] => Task 0, Epoch 32/101 => Loss 2.748, Loss_clf 2.400, Loss_fkd 0.000, Loss_proto 0.000, Loss_transfer 0.000, Loss_contrast 0.348, Train_accy 44.31
2025-04-14 00:07:52,959 [fcs.py] => Task 0, Epoch 33/101 => Loss 2.734, Loss_clf 2.385, Loss_fkd 0.000, Loss_proto 0.000, Loss_transfer 0.000, Loss_contrast 0.349, Train_accy 44.56
2025-04-14 00:08:07,745 [fcs.py] => Task 0, Epoch 34/101 => Loss 2.711, Loss_clf 2.361, Loss_fkd 0.000, Loss_proto 0.000, Loss_transfer 0.000, Loss_contrast 0.350, Train_accy 45.05
2025-04-14 00:08:22,454 [fcs.py] => Task 0, Epoch 35/101 => Loss 2.700, Loss_clf 2.355, Loss_fkd 0.000, Loss_proto 0.000, Loss_transfer 0.000, Loss_contrast 0.345, Train_accy 45.05
2025-04-14 00:08:38,505 [fcs.py] => Task 0, Epoch 36/101 => Loss 2.679, Loss_clf 2.333, Loss_fkd 0.000, Loss_proto 0.000, Loss_transfer 0.000, Loss_contrast 0.346, Train_accy 45.37, Test_accy 74.62
2025-04-14 00:08:54,015 [fcs.py] => Task 0, Epoch 37/101 => Loss 2.666, Loss_clf 2.320, Loss_fkd 0.000, Loss_proto 0.000, Loss_transfer 0.000, Loss_contrast 0.347, Train_accy 45.71
2025-04-14 00:09:09,883 [fcs.py] => Task 0, Epoch 38/101 => Loss 2.656, Loss_clf 2.308, Loss_fkd 0.000, Loss_proto 0.000, Loss_transfer 0.000, Loss_contrast 0.348, Train_accy 45.80
2025-04-14 00:09:25,856 [fcs.py] => Task 0, Epoch 39/101 => Loss 2.629, Loss_clf 2.285, Loss_fkd 0.000, Loss_proto 0.000, Loss_transfer 0.000, Loss_contrast 0.344, Train_accy 46.20
2025-04-14 00:09:41,240 [fcs.py] => Task 0, Epoch 40/101 => Loss 2.631, Loss_clf 2.283, Loss_fkd 0.000, Loss_proto 0.000, Loss_transfer 0.000, Loss_contrast 0.348, Train_accy 46.44
2025-04-14 00:09:56,894 [fcs.py] => Task 0, Epoch 41/101 => Loss 2.612, Loss_clf 2.268, Loss_fkd 0.000, Loss_proto 0.000, Loss_transfer 0.000, Loss_contrast 0.344, Train_accy 46.84, Test_accy 76.52
2025-04-14 00:10:12,139 [fcs.py] => Task 0, Epoch 42/101 => Loss 2.599, Loss_clf 2.253, Loss_fkd 0.000, Loss_proto 0.000, Loss_transfer 0.000, Loss_contrast 0.346, Train_accy 46.89
2025-04-14 00:10:26,868 [fcs.py] => Task 0, Epoch 43/101 => Loss 2.590, Loss_clf 2.244, Loss_fkd 0.000, Loss_proto 0.000, Loss_transfer 0.000, Loss_contrast 0.345, Train_accy 46.97
2025-04-14 00:10:41,910 [fcs.py] => Task 0, Epoch 44/101 => Loss 2.583, Loss_clf 2.238, Loss_fkd 0.000, Loss_proto 0.000, Loss_transfer 0.000, Loss_contrast 0.345, Train_accy 47.25
2025-04-14 00:10:57,445 [fcs.py] => Task 0, Epoch 45/101 => Loss 2.566, Loss_clf 2.223, Loss_fkd 0.000, Loss_proto 0.000, Loss_transfer 0.000, Loss_contrast 0.343, Train_accy 47.42
2025-04-14 00:11:12,704 [fcs.py] => Task 0, Epoch 46/101 => Loss 2.223, Loss_clf 1.889, Loss_fkd 0.000, Loss_proto 0.000, Loss_transfer 0.000, Loss_contrast 0.333, Train_accy 54.28, Test_accy 81.32
2025-04-14 00:11:27,684 [fcs.py] => Task 0, Epoch 47/101 => Loss 2.095, Loss_clf 1.765, Loss_fkd 0.000, Loss_proto 0.000, Loss_transfer 0.000, Loss_contrast 0.330, Train_accy 56.63
2025-04-14 00:11:42,344 [fcs.py] => Task 0, Epoch 48/101 => Loss 2.049, Loss_clf 1.720, Loss_fkd 0.000, Loss_proto 0.000, Loss_transfer 0.000, Loss_contrast 0.329, Train_accy 57.63
2025-04-14 00:11:57,082 [fcs.py] => Task 0, Epoch 49/101 => Loss 2.019, Loss_clf 1.690, Loss_fkd 0.000, Loss_proto 0.000, Loss_transfer 0.000, Loss_contrast 0.329, Train_accy 58.26
2025-04-14 00:12:11,809 [fcs.py] => Task 0, Epoch 50/101 => Loss 1.986, Loss_clf 1.660, Loss_fkd 0.000, Loss_proto 0.000, Loss_transfer 0.000, Loss_contrast 0.325, Train_accy 58.82
2025-04-14 00:12:27,120 [fcs.py] => Task 0, Epoch 51/101 => Loss 1.965, Loss_clf 1.638, Loss_fkd 0.000, Loss_proto 0.000, Loss_transfer 0.000, Loss_contrast 0.327, Train_accy 59.35, Test_accy 82.52
2025-04-14 00:12:42,567 [fcs.py] => Task 0, Epoch 52/101 => Loss 1.946, Loss_clf 1.619, Loss_fkd 0.000, Loss_proto 0.000, Loss_transfer 0.000, Loss_contrast 0.327, Train_accy 59.67
2025-04-14 00:12:58,179 [fcs.py] => Task 0, Epoch 53/101 => Loss 1.926, Loss_clf 1.601, Loss_fkd 0.000, Loss_proto 0.000, Loss_transfer 0.000, Loss_contrast 0.325, Train_accy 60.12
2025-04-14 00:13:13,635 [fcs.py] => Task 0, Epoch 54/101 => Loss 1.905, Loss_clf 1.581, Loss_fkd 0.000, Loss_proto 0.000, Loss_transfer 0.000, Loss_contrast 0.324, Train_accy 60.50
2025-04-14 00:13:28,501 [fcs.py] => Task 0, Epoch 55/101 => Loss 1.895, Loss_clf 1.571, Loss_fkd 0.000, Loss_proto 0.000, Loss_transfer 0.000, Loss_contrast 0.324, Train_accy 60.80
2025-04-14 00:13:44,191 [fcs.py] => Task 0, Epoch 56/101 => Loss 1.877, Loss_clf 1.552, Loss_fkd 0.000, Loss_proto 0.000, Loss_transfer 0.000, Loss_contrast 0.325, Train_accy 61.20, Test_accy 82.68
2025-04-14 00:13:58,992 [fcs.py] => Task 0, Epoch 57/101 => Loss 1.871, Loss_clf 1.546, Loss_fkd 0.000, Loss_proto 0.000, Loss_transfer 0.000, Loss_contrast 0.325, Train_accy 61.42
2025-04-14 00:14:13,725 [fcs.py] => Task 0, Epoch 58/101 => Loss 1.843, Loss_clf 1.518, Loss_fkd 0.000, Loss_proto 0.000, Loss_transfer 0.000, Loss_contrast 0.324, Train_accy 61.94
2025-04-14 00:14:28,688 [fcs.py] => Task 0, Epoch 59/101 => Loss 1.841, Loss_clf 1.517, Loss_fkd 0.000, Loss_proto 0.000, Loss_transfer 0.000, Loss_contrast 0.324, Train_accy 61.96
2025-04-14 00:14:44,167 [fcs.py] => Task 0, Epoch 60/101 => Loss 1.819, Loss_clf 1.496, Loss_fkd 0.000, Loss_proto 0.000, Loss_transfer 0.000, Loss_contrast 0.323, Train_accy 62.39
2025-04-14 00:15:00,103 [fcs.py] => Task 0, Epoch 61/101 => Loss 1.808, Loss_clf 1.485, Loss_fkd 0.000, Loss_proto 0.000, Loss_transfer 0.000, Loss_contrast 0.323, Train_accy 62.71, Test_accy 83.18
2025-04-14 00:15:15,783 [fcs.py] => Task 0, Epoch 62/101 => Loss 1.798, Loss_clf 1.475, Loss_fkd 0.000, Loss_proto 0.000, Loss_transfer 0.000, Loss_contrast 0.323, Train_accy 62.89
2025-04-14 00:15:31,692 [fcs.py] => Task 0, Epoch 63/101 => Loss 1.788, Loss_clf 1.464, Loss_fkd 0.000, Loss_proto 0.000, Loss_transfer 0.000, Loss_contrast 0.323, Train_accy 63.03
2025-04-14 00:15:47,130 [fcs.py] => Task 0, Epoch 64/101 => Loss 1.777, Loss_clf 1.454, Loss_fkd 0.000, Loss_proto 0.000, Loss_transfer 0.000, Loss_contrast 0.322, Train_accy 63.30
2025-04-14 00:16:02,202 [fcs.py] => Task 0, Epoch 65/101 => Loss 1.766, Loss_clf 1.441, Loss_fkd 0.000, Loss_proto 0.000, Loss_transfer 0.000, Loss_contrast 0.324, Train_accy 63.73
2025-04-14 00:16:17,919 [fcs.py] => Task 0, Epoch 66/101 => Loss 1.759, Loss_clf 1.438, Loss_fkd 0.000, Loss_proto 0.000, Loss_transfer 0.000, Loss_contrast 0.321, Train_accy 63.74, Test_accy 83.26
2025-04-14 00:16:33,708 [fcs.py] => Task 0, Epoch 67/101 => Loss 1.751, Loss_clf 1.429, Loss_fkd 0.000, Loss_proto 0.000, Loss_transfer 0.000, Loss_contrast 0.322, Train_accy 63.95
2025-04-14 00:16:48,728 [fcs.py] => Task 0, Epoch 68/101 => Loss 1.739, Loss_clf 1.416, Loss_fkd 0.000, Loss_proto 0.000, Loss_transfer 0.000, Loss_contrast 0.323, Train_accy 64.40
2025-04-14 00:17:03,587 [fcs.py] => Task 0, Epoch 69/101 => Loss 1.732, Loss_clf 1.410, Loss_fkd 0.000, Loss_proto 0.000, Loss_transfer 0.000, Loss_contrast 0.322, Train_accy 64.43
2025-04-14 00:17:18,445 [fcs.py] => Task 0, Epoch 70/101 => Loss 1.728, Loss_clf 1.404, Loss_fkd 0.000, Loss_proto 0.000, Loss_transfer 0.000, Loss_contrast 0.323, Train_accy 64.49
2025-04-14 00:17:33,986 [fcs.py] => Task 0, Epoch 71/101 => Loss 1.719, Loss_clf 1.396, Loss_fkd 0.000, Loss_proto 0.000, Loss_transfer 0.000, Loss_contrast 0.323, Train_accy 64.66, Test_accy 83.78
2025-04-14 00:17:49,239 [fcs.py] => Task 0, Epoch 72/101 => Loss 1.710, Loss_clf 1.389, Loss_fkd 0.000, Loss_proto 0.000, Loss_transfer 0.000, Loss_contrast 0.322, Train_accy 64.92
2025-04-14 00:18:04,581 [fcs.py] => Task 0, Epoch 73/101 => Loss 1.697, Loss_clf 1.375, Loss_fkd 0.000, Loss_proto 0.000, Loss_transfer 0.000, Loss_contrast 0.322, Train_accy 65.14
2025-04-14 00:18:20,110 [fcs.py] => Task 0, Epoch 74/101 => Loss 1.691, Loss_clf 1.370, Loss_fkd 0.000, Loss_proto 0.000, Loss_transfer 0.000, Loss_contrast 0.321, Train_accy 65.24
2025-04-14 00:18:35,433 [fcs.py] => Task 0, Epoch 75/101 => Loss 1.686, Loss_clf 1.364, Loss_fkd 0.000, Loss_proto 0.000, Loss_transfer 0.000, Loss_contrast 0.322, Train_accy 65.45
2025-04-14 00:18:50,901 [fcs.py] => Task 0, Epoch 76/101 => Loss 1.679, Loss_clf 1.356, Loss_fkd 0.000, Loss_proto 0.000, Loss_transfer 0.000, Loss_contrast 0.323, Train_accy 65.57, Test_accy 83.28
2025-04-14 00:19:05,953 [fcs.py] => Task 0, Epoch 77/101 => Loss 1.681, Loss_clf 1.359, Loss_fkd 0.000, Loss_proto 0.000, Loss_transfer 0.000, Loss_contrast 0.323, Train_accy 65.64
2025-04-14 00:19:21,104 [fcs.py] => Task 0, Epoch 78/101 => Loss 1.665, Loss_clf 1.343, Loss_fkd 0.000, Loss_proto 0.000, Loss_transfer 0.000, Loss_contrast 0.322, Train_accy 66.03
2025-04-14 00:19:35,906 [fcs.py] => Task 0, Epoch 79/101 => Loss 1.655, Loss_clf 1.334, Loss_fkd 0.000, Loss_proto 0.000, Loss_transfer 0.000, Loss_contrast 0.321, Train_accy 66.04
2025-04-14 00:19:50,688 [fcs.py] => Task 0, Epoch 80/101 => Loss 1.647, Loss_clf 1.327, Loss_fkd 0.000, Loss_proto 0.000, Loss_transfer 0.000, Loss_contrast 0.320, Train_accy 66.32
2025-04-14 00:20:06,087 [fcs.py] => Task 0, Epoch 81/101 => Loss 1.647, Loss_clf 1.326, Loss_fkd 0.000, Loss_proto 0.000, Loss_transfer 0.000, Loss_contrast 0.321, Train_accy 66.33, Test_accy 83.98
2025-04-14 00:20:21,048 [fcs.py] => Task 0, Epoch 82/101 => Loss 1.644, Loss_clf 1.322, Loss_fkd 0.000, Loss_proto 0.000, Loss_transfer 0.000, Loss_contrast 0.322, Train_accy 66.38
2025-04-14 00:20:35,889 [fcs.py] => Task 0, Epoch 83/101 => Loss 1.635, Loss_clf 1.312, Loss_fkd 0.000, Loss_proto 0.000, Loss_transfer 0.000, Loss_contrast 0.322, Train_accy 66.73
2025-04-14 00:20:50,847 [fcs.py] => Task 0, Epoch 84/101 => Loss 1.625, Loss_clf 1.304, Loss_fkd 0.000, Loss_proto 0.000, Loss_transfer 0.000, Loss_contrast 0.321, Train_accy 66.85
2025-04-14 00:21:05,690 [fcs.py] => Task 0, Epoch 85/101 => Loss 1.622, Loss_clf 1.300, Loss_fkd 0.000, Loss_proto 0.000, Loss_transfer 0.000, Loss_contrast 0.322, Train_accy 66.82
2025-04-14 00:21:20,980 [fcs.py] => Task 0, Epoch 86/101 => Loss 1.618, Loss_clf 1.295, Loss_fkd 0.000, Loss_proto 0.000, Loss_transfer 0.000, Loss_contrast 0.322, Train_accy 67.14, Test_accy 83.48
2025-04-14 00:21:36,049 [fcs.py] => Task 0, Epoch 87/101 => Loss 1.613, Loss_clf 1.291, Loss_fkd 0.000, Loss_proto 0.000, Loss_transfer 0.000, Loss_contrast 0.321, Train_accy 67.20
2025-04-14 00:21:50,911 [fcs.py] => Task 0, Epoch 88/101 => Loss 1.611, Loss_clf 1.289, Loss_fkd 0.000, Loss_proto 0.000, Loss_transfer 0.000, Loss_contrast 0.322, Train_accy 67.27
2025-04-14 00:22:05,743 [fcs.py] => Task 0, Epoch 89/101 => Loss 1.604, Loss_clf 1.283, Loss_fkd 0.000, Loss_proto 0.000, Loss_transfer 0.000, Loss_contrast 0.322, Train_accy 67.39
2025-04-14 00:22:20,709 [fcs.py] => Task 0, Epoch 90/101 => Loss 1.601, Loss_clf 1.279, Loss_fkd 0.000, Loss_proto 0.000, Loss_transfer 0.000, Loss_contrast 0.322, Train_accy 67.41
2025-04-14 00:22:35,909 [fcs.py] => Task 0, Epoch 91/101 => Loss 1.545, Loss_clf 1.225, Loss_fkd 0.000, Loss_proto 0.000, Loss_transfer 0.000, Loss_contrast 0.320, Train_accy 68.90, Test_accy 83.46
2025-04-14 00:22:50,739 [fcs.py] => Task 0, Epoch 92/101 => Loss 1.524, Loss_clf 1.203, Loss_fkd 0.000, Loss_proto 0.000, Loss_transfer 0.000, Loss_contrast 0.321, Train_accy 69.21
2025-04-14 00:23:05,701 [fcs.py] => Task 0, Epoch 93/101 => Loss 1.512, Loss_clf 1.193, Loss_fkd 0.000, Loss_proto 0.000, Loss_transfer 0.000, Loss_contrast 0.319, Train_accy 69.65
2025-04-14 00:23:20,481 [fcs.py] => Task 0, Epoch 94/101 => Loss 1.507, Loss_clf 1.188, Loss_fkd 0.000, Loss_proto 0.000, Loss_transfer 0.000, Loss_contrast 0.319, Train_accy 69.75
2025-04-14 00:23:35,244 [fcs.py] => Task 0, Epoch 95/101 => Loss 1.506, Loss_clf 1.188, Loss_fkd 0.000, Loss_proto 0.000, Loss_transfer 0.000, Loss_contrast 0.319, Train_accy 69.79
2025-04-14 00:23:50,480 [fcs.py] => Task 0, Epoch 96/101 => Loss 1.499, Loss_clf 1.180, Loss_fkd 0.000, Loss_proto 0.000, Loss_transfer 0.000, Loss_contrast 0.319, Train_accy 69.99, Test_accy 83.84
2025-04-14 00:24:06,059 [fcs.py] => Task 0, Epoch 97/101 => Loss 1.501, Loss_clf 1.181, Loss_fkd 0.000, Loss_proto 0.000, Loss_transfer 0.000, Loss_contrast 0.320, Train_accy 70.12
2025-04-14 00:24:20,803 [fcs.py] => Task 0, Epoch 98/101 => Loss 1.494, Loss_clf 1.175, Loss_fkd 0.000, Loss_proto 0.000, Loss_transfer 0.000, Loss_contrast 0.319, Train_accy 70.11
2025-04-14 00:24:35,623 [fcs.py] => Task 0, Epoch 99/101 => Loss 1.498, Loss_clf 1.180, Loss_fkd 0.000, Loss_proto 0.000, Loss_transfer 0.000, Loss_contrast 0.319, Train_accy 70.08
2025-04-14 00:24:50,418 [fcs.py] => Task 0, Epoch 100/101 => Loss 1.491, Loss_clf 1.173, Loss_fkd 0.000, Loss_proto 0.000, Loss_transfer 0.000, Loss_contrast 0.318, Train_accy 70.24
2025-04-14 00:25:05,689 [fcs.py] => Task 0, Epoch 101/101 => Loss 1.490, Loss_clf 1.172, Loss_fkd 0.000, Loss_proto 0.000, Loss_transfer 0.000, Loss_contrast 0.318, Train_accy 70.10, Test_accy 83.84
2025-04-14 00:25:14,972 [trainer.py] => CNN: {'total': 83.84, '00-09': 86.2, '10-19': 78.7, '20-29': 87.3, '30-39': 82.2, '40-49': 84.8, 'old': 0, 'new': 83.84}
2025-04-14 00:25:14,972 [trainer.py] => NME: {'total': 81.7, '00-09': 82.9, '10-19': 75.6, '20-29': 84.4, '30-39': 80.8, '40-49': 84.8, 'old': 0, 'new': 81.7}
2025-04-14 00:25:14,972 [trainer.py] => CNN top1 curve: [83.84]
2025-04-14 00:25:14,972 [trainer.py] => CNN top5 curve: [97.4]
2025-04-14 00:31:19,103 [trainer.py] => config: ./exps/fcs/cifar100/5/first_stage.json
2025-04-14 00:31:19,103 [trainer.py] => prefix: cil
2025-04-14 00:31:19,103 [trainer.py] => dataset: cifar100
2025-04-14 00:31:19,103 [trainer.py] => memory_size: 0
2025-04-14 00:31:19,103 [trainer.py] => shuffle: True
2025-04-14 00:31:19,104 [trainer.py] => init_cls: 50
2025-04-14 00:31:19,104 [trainer.py] => increment: 10
2025-04-14 00:31:19,104 [trainer.py] => model_name: fcs
2025-04-14 00:31:19,104 [trainer.py] => convnet_type: resnet18_cbam
2025-04-14 00:31:19,104 [trainer.py] => device: [device(type='cuda', index=0)]
2025-04-14 00:31:19,104 [trainer.py] => seed: 1993
2025-04-14 00:31:19,104 [trainer.py] => lambda_fkd: 10
2025-04-14 00:31:19,104 [trainer.py] => ckpt_num: 0
2025-04-14 00:31:19,104 [trainer.py] => ckpt_path: 
2025-04-14 00:31:19,104 [trainer.py] => contrast_T: 0.07
2025-04-14 00:31:19,104 [trainer.py] => lambda_contrast: 0.1
2025-04-14 00:31:19,104 [trainer.py] => lambda_proto: 10
2025-04-14 00:31:19,104 [trainer.py] => lambda_transfer: 1
2025-04-14 00:31:19,104 [trainer.py] => temp: 0.1
2025-04-14 00:31:19,104 [trainer.py] => epochs: 101
2025-04-14 00:31:19,104 [trainer.py] => lr: 0.001
2025-04-14 00:31:19,104 [trainer.py] => batch_size: 64
2025-04-14 00:31:19,104 [trainer.py] => weight_decay: 0.0002
2025-04-14 00:31:19,104 [trainer.py] => step_size: 45
2025-04-14 00:31:19,104 [trainer.py] => gamma: 0.1
2025-04-14 00:31:19,104 [trainer.py] => num_workers: 8
2025-04-14 00:31:19,104 [trainer.py] => is_task0: True
2025-04-14 00:31:19,104 [trainer.py] => log_dir: logs
2025-04-14 00:31:19,104 [trainer.py] => log_name: first_stage
2025-04-14 00:31:20,397 [data_manager.py] => [68, 56, 78, 8, 23, 84, 90, 65, 74, 76, 40, 89, 3, 92, 55, 9, 26, 80, 43, 38, 58, 70, 77, 1, 85, 19, 17, 50, 28, 53, 13, 81, 45, 82, 6, 59, 83, 16, 15, 44, 91, 41, 72, 60, 79, 52, 20, 10, 31, 54, 37, 95, 14, 71, 96, 98, 97, 2, 64, 66, 42, 22, 35, 86, 24, 34, 87, 21, 99, 0, 88, 27, 18, 94, 11, 12, 47, 25, 30, 46, 62, 69, 36, 61, 7, 63, 75, 5, 32, 4, 51, 48, 73, 93, 39, 67, 29, 49, 57, 33]
2025-04-14 00:31:20,628 [trainer.py] => All params: 11519312
2025-04-14 00:31:20,628 [trainer.py] => Trainable params: 11519312
2025-04-14 00:31:20,634 [fcs.py] => Learning on 0-50
2025-04-14 00:31:20,635 [fcs.py] => All params: 12250337
2025-04-14 00:31:20,635 [fcs.py] => Trainable params: 12250337
2025-04-14 00:31:37,457 [fcs.py] => Task 0, Epoch 1/101 => Loss 8.134, Loss_clf 7.525, Loss_fkd 0.000, Loss_proto 0.000, Loss_transfer 0.000, Loss_contrast 0.609, Train_accy 1.06, Test_accy 12.44
2025-04-14 00:31:52,529 [fcs.py] => Task 0, Epoch 2/101 => Loss 6.362, Loss_clf 5.803, Loss_fkd 0.000, Loss_proto 0.000, Loss_transfer 0.000, Loss_contrast 0.559, Train_accy 5.03
2025-04-14 00:32:07,540 [fcs.py] => Task 0, Epoch 3/101 => Loss 5.777, Loss_clf 5.264, Loss_fkd 0.000, Loss_proto 0.000, Loss_transfer 0.000, Loss_contrast 0.514, Train_accy 8.56
2025-04-14 00:32:23,226 [fcs.py] => Task 0, Epoch 4/101 => Loss 5.352, Loss_clf 4.866, Loss_fkd 0.000, Loss_proto 0.000, Loss_transfer 0.000, Loss_contrast 0.485, Train_accy 11.80
2025-04-14 00:32:38,629 [fcs.py] => Task 0, Epoch 5/101 => Loss 4.937, Loss_clf 4.480, Loss_fkd 0.000, Loss_proto 0.000, Loss_transfer 0.000, Loss_contrast 0.457, Train_accy 15.59
2025-04-14 00:32:54,521 [fcs.py] => Task 0, Epoch 6/101 => Loss 4.595, Loss_clf 4.162, Loss_fkd 0.000, Loss_proto 0.000, Loss_transfer 0.000, Loss_contrast 0.433, Train_accy 19.18, Test_accy 49.34
2025-04-14 00:33:19,705 [fcs.py] => Task 0, Epoch 7/101 => Loss 4.339, Loss_clf 3.924, Loss_fkd 0.000, Loss_proto 0.000, Loss_transfer 0.000, Loss_contrast 0.415, Train_accy 21.91
2025-04-14 00:33:45,251 [fcs.py] => Task 0, Epoch 8/101 => Loss 4.127, Loss_clf 3.725, Loss_fkd 0.000, Loss_proto 0.000, Loss_transfer 0.000, Loss_contrast 0.402, Train_accy 24.81
2025-04-14 00:34:11,602 [fcs.py] => Task 0, Epoch 9/101 => Loss 3.949, Loss_clf 3.553, Loss_fkd 0.000, Loss_proto 0.000, Loss_transfer 0.000, Loss_contrast 0.396, Train_accy 26.79
2025-04-14 00:34:37,381 [fcs.py] => Task 0, Epoch 10/101 => Loss 3.810, Loss_clf 3.415, Loss_fkd 0.000, Loss_proto 0.000, Loss_transfer 0.000, Loss_contrast 0.395, Train_accy 28.75
2025-04-14 00:35:03,116 [fcs.py] => Task 0, Epoch 11/101 => Loss 3.681, Loss_clf 3.297, Loss_fkd 0.000, Loss_proto 0.000, Loss_transfer 0.000, Loss_contrast 0.384, Train_accy 30.37, Test_accy 63.52
2025-04-14 00:35:29,728 [fcs.py] => Task 0, Epoch 12/101 => Loss 3.579, Loss_clf 3.201, Loss_fkd 0.000, Loss_proto 0.000, Loss_transfer 0.000, Loss_contrast 0.378, Train_accy 31.90
2025-04-14 00:35:55,458 [fcs.py] => Task 0, Epoch 13/101 => Loss 3.476, Loss_clf 3.105, Loss_fkd 0.000, Loss_proto 0.000, Loss_transfer 0.000, Loss_contrast 0.371, Train_accy 32.99
2025-04-14 00:36:21,196 [fcs.py] => Task 0, Epoch 14/101 => Loss 3.408, Loss_clf 3.039, Loss_fkd 0.000, Loss_proto 0.000, Loss_transfer 0.000, Loss_contrast 0.368, Train_accy 34.08
2025-04-14 00:36:47,425 [fcs.py] => Task 0, Epoch 15/101 => Loss 3.326, Loss_clf 2.961, Loss_fkd 0.000, Loss_proto 0.000, Loss_transfer 0.000, Loss_contrast 0.365, Train_accy 35.18
2025-04-14 00:37:14,640 [fcs.py] => Task 0, Epoch 16/101 => Loss 3.270, Loss_clf 2.907, Loss_fkd 0.000, Loss_proto 0.000, Loss_transfer 0.000, Loss_contrast 0.363, Train_accy 36.02, Test_accy 68.24
2025-04-14 00:37:40,842 [fcs.py] => Task 0, Epoch 17/101 => Loss 3.237, Loss_clf 2.872, Loss_fkd 0.000, Loss_proto 0.000, Loss_transfer 0.000, Loss_contrast 0.366, Train_accy 36.54
2025-04-14 00:38:07,093 [fcs.py] => Task 0, Epoch 18/101 => Loss 3.167, Loss_clf 2.807, Loss_fkd 0.000, Loss_proto 0.000, Loss_transfer 0.000, Loss_contrast 0.360, Train_accy 37.57
2025-04-14 00:38:33,689 [fcs.py] => Task 0, Epoch 19/101 => Loss 3.118, Loss_clf 2.759, Loss_fkd 0.000, Loss_proto 0.000, Loss_transfer 0.000, Loss_contrast 0.358, Train_accy 38.43
2025-04-14 00:39:00,745 [fcs.py] => Task 0, Epoch 20/101 => Loss 3.054, Loss_clf 2.697, Loss_fkd 0.000, Loss_proto 0.000, Loss_transfer 0.000, Loss_contrast 0.356, Train_accy 39.33
2025-04-14 00:39:27,353 [fcs.py] => Task 0, Epoch 21/101 => Loss 3.030, Loss_clf 2.675, Loss_fkd 0.000, Loss_proto 0.000, Loss_transfer 0.000, Loss_contrast 0.355, Train_accy 39.67, Test_accy 72.36
2025-04-14 00:39:53,559 [fcs.py] => Task 0, Epoch 22/101 => Loss 3.000, Loss_clf 2.647, Loss_fkd 0.000, Loss_proto 0.000, Loss_transfer 0.000, Loss_contrast 0.354, Train_accy 40.19
2025-04-14 00:40:20,045 [fcs.py] => Task 0, Epoch 23/101 => Loss 2.965, Loss_clf 2.611, Loss_fkd 0.000, Loss_proto 0.000, Loss_transfer 0.000, Loss_contrast 0.354, Train_accy 40.79
2025-04-14 00:40:46,051 [fcs.py] => Task 0, Epoch 24/101 => Loss 2.977, Loss_clf 2.620, Loss_fkd 0.000, Loss_proto 0.000, Loss_transfer 0.000, Loss_contrast 0.357, Train_accy 40.71
2025-04-14 00:41:04,817 [fcs.py] => Task 0, Epoch 25/101 => Loss 2.924, Loss_clf 2.570, Loss_fkd 0.000, Loss_proto 0.000, Loss_transfer 0.000, Loss_contrast 0.354, Train_accy 41.46
2025-04-14 00:41:20,471 [fcs.py] => Task 0, Epoch 26/101 => Loss 2.882, Loss_clf 2.530, Loss_fkd 0.000, Loss_proto 0.000, Loss_transfer 0.000, Loss_contrast 0.351, Train_accy 42.10, Test_accy 74.50
2025-04-14 00:41:36,229 [fcs.py] => Task 0, Epoch 27/101 => Loss 2.849, Loss_clf 2.501, Loss_fkd 0.000, Loss_proto 0.000, Loss_transfer 0.000, Loss_contrast 0.348, Train_accy 42.50
2025-04-14 00:41:51,420 [fcs.py] => Task 0, Epoch 28/101 => Loss 2.822, Loss_clf 2.471, Loss_fkd 0.000, Loss_proto 0.000, Loss_transfer 0.000, Loss_contrast 0.351, Train_accy 43.05
2025-04-14 00:42:06,433 [fcs.py] => Task 0, Epoch 29/101 => Loss 2.808, Loss_clf 2.461, Loss_fkd 0.000, Loss_proto 0.000, Loss_transfer 0.000, Loss_contrast 0.347, Train_accy 43.38
2025-04-14 00:42:21,389 [fcs.py] => Task 0, Epoch 30/101 => Loss 2.796, Loss_clf 2.448, Loss_fkd 0.000, Loss_proto 0.000, Loss_transfer 0.000, Loss_contrast 0.349, Train_accy 43.52
2025-04-14 00:42:36,813 [fcs.py] => Task 0, Epoch 31/101 => Loss 2.757, Loss_clf 2.410, Loss_fkd 0.000, Loss_proto 0.000, Loss_transfer 0.000, Loss_contrast 0.348, Train_accy 44.06, Test_accy 73.48
2025-04-14 00:42:51,981 [fcs.py] => Task 0, Epoch 32/101 => Loss 2.748, Loss_clf 2.400, Loss_fkd 0.000, Loss_proto 0.000, Loss_transfer 0.000, Loss_contrast 0.348, Train_accy 44.31
2025-04-14 00:43:06,883 [fcs.py] => Task 0, Epoch 33/101 => Loss 2.734, Loss_clf 2.385, Loss_fkd 0.000, Loss_proto 0.000, Loss_transfer 0.000, Loss_contrast 0.349, Train_accy 44.56
2025-04-14 00:43:21,978 [fcs.py] => Task 0, Epoch 34/101 => Loss 2.711, Loss_clf 2.361, Loss_fkd 0.000, Loss_proto 0.000, Loss_transfer 0.000, Loss_contrast 0.350, Train_accy 45.05
2025-04-14 00:43:36,979 [fcs.py] => Task 0, Epoch 35/101 => Loss 2.700, Loss_clf 2.355, Loss_fkd 0.000, Loss_proto 0.000, Loss_transfer 0.000, Loss_contrast 0.345, Train_accy 45.05
2025-04-14 00:43:52,677 [fcs.py] => Task 0, Epoch 36/101 => Loss 2.679, Loss_clf 2.333, Loss_fkd 0.000, Loss_proto 0.000, Loss_transfer 0.000, Loss_contrast 0.346, Train_accy 45.37, Test_accy 74.62
2025-04-14 00:44:08,034 [fcs.py] => Task 0, Epoch 37/101 => Loss 2.666, Loss_clf 2.320, Loss_fkd 0.000, Loss_proto 0.000, Loss_transfer 0.000, Loss_contrast 0.347, Train_accy 45.71
2025-04-14 00:44:22,965 [fcs.py] => Task 0, Epoch 38/101 => Loss 2.656, Loss_clf 2.308, Loss_fkd 0.000, Loss_proto 0.000, Loss_transfer 0.000, Loss_contrast 0.348, Train_accy 45.80
2025-04-14 00:44:37,956 [fcs.py] => Task 0, Epoch 39/101 => Loss 2.629, Loss_clf 2.285, Loss_fkd 0.000, Loss_proto 0.000, Loss_transfer 0.000, Loss_contrast 0.344, Train_accy 46.20
2025-04-14 00:44:52,861 [fcs.py] => Task 0, Epoch 40/101 => Loss 2.631, Loss_clf 2.283, Loss_fkd 0.000, Loss_proto 0.000, Loss_transfer 0.000, Loss_contrast 0.348, Train_accy 46.44
2025-04-14 00:45:08,858 [fcs.py] => Task 0, Epoch 41/101 => Loss 2.612, Loss_clf 2.268, Loss_fkd 0.000, Loss_proto 0.000, Loss_transfer 0.000, Loss_contrast 0.344, Train_accy 46.84, Test_accy 76.52
2025-04-14 00:45:24,111 [fcs.py] => Task 0, Epoch 42/101 => Loss 2.599, Loss_clf 2.253, Loss_fkd 0.000, Loss_proto 0.000, Loss_transfer 0.000, Loss_contrast 0.346, Train_accy 46.89
2025-04-14 00:45:38,978 [fcs.py] => Task 0, Epoch 43/101 => Loss 2.590, Loss_clf 2.244, Loss_fkd 0.000, Loss_proto 0.000, Loss_transfer 0.000, Loss_contrast 0.345, Train_accy 46.97
2025-04-14 00:45:53,852 [fcs.py] => Task 0, Epoch 44/101 => Loss 2.583, Loss_clf 2.238, Loss_fkd 0.000, Loss_proto 0.000, Loss_transfer 0.000, Loss_contrast 0.345, Train_accy 47.25
2025-04-14 00:46:08,651 [fcs.py] => Task 0, Epoch 45/101 => Loss 2.566, Loss_clf 2.223, Loss_fkd 0.000, Loss_proto 0.000, Loss_transfer 0.000, Loss_contrast 0.343, Train_accy 47.42
2025-04-14 00:46:24,512 [fcs.py] => Task 0, Epoch 46/101 => Loss 2.223, Loss_clf 1.889, Loss_fkd 0.000, Loss_proto 0.000, Loss_transfer 0.000, Loss_contrast 0.333, Train_accy 54.28, Test_accy 81.32
2025-04-14 00:46:39,667 [fcs.py] => Task 0, Epoch 47/101 => Loss 2.095, Loss_clf 1.765, Loss_fkd 0.000, Loss_proto 0.000, Loss_transfer 0.000, Loss_contrast 0.330, Train_accy 56.63
2025-04-14 00:46:54,456 [fcs.py] => Task 0, Epoch 48/101 => Loss 2.049, Loss_clf 1.720, Loss_fkd 0.000, Loss_proto 0.000, Loss_transfer 0.000, Loss_contrast 0.329, Train_accy 57.63
2025-04-14 00:47:09,505 [fcs.py] => Task 0, Epoch 49/101 => Loss 2.019, Loss_clf 1.690, Loss_fkd 0.000, Loss_proto 0.000, Loss_transfer 0.000, Loss_contrast 0.329, Train_accy 58.26
2025-04-14 00:47:24,752 [fcs.py] => Task 0, Epoch 50/101 => Loss 1.986, Loss_clf 1.660, Loss_fkd 0.000, Loss_proto 0.000, Loss_transfer 0.000, Loss_contrast 0.325, Train_accy 58.82
2025-04-14 00:47:40,109 [fcs.py] => Task 0, Epoch 51/101 => Loss 1.965, Loss_clf 1.638, Loss_fkd 0.000, Loss_proto 0.000, Loss_transfer 0.000, Loss_contrast 0.327, Train_accy 59.35, Test_accy 82.52
2025-04-14 00:47:55,217 [fcs.py] => Task 0, Epoch 52/101 => Loss 1.946, Loss_clf 1.619, Loss_fkd 0.000, Loss_proto 0.000, Loss_transfer 0.000, Loss_contrast 0.327, Train_accy 59.67
2025-04-14 00:48:10,546 [fcs.py] => Task 0, Epoch 53/101 => Loss 1.926, Loss_clf 1.601, Loss_fkd 0.000, Loss_proto 0.000, Loss_transfer 0.000, Loss_contrast 0.325, Train_accy 60.12
2025-04-14 00:48:26,110 [fcs.py] => Task 0, Epoch 54/101 => Loss 1.905, Loss_clf 1.581, Loss_fkd 0.000, Loss_proto 0.000, Loss_transfer 0.000, Loss_contrast 0.324, Train_accy 60.50
2025-04-14 00:48:41,337 [fcs.py] => Task 0, Epoch 55/101 => Loss 1.895, Loss_clf 1.571, Loss_fkd 0.000, Loss_proto 0.000, Loss_transfer 0.000, Loss_contrast 0.324, Train_accy 60.80
2025-04-14 00:48:56,680 [fcs.py] => Task 0, Epoch 56/101 => Loss 1.877, Loss_clf 1.552, Loss_fkd 0.000, Loss_proto 0.000, Loss_transfer 0.000, Loss_contrast 0.325, Train_accy 61.20, Test_accy 82.68
2025-04-14 00:49:12,108 [fcs.py] => Task 0, Epoch 57/101 => Loss 1.871, Loss_clf 1.546, Loss_fkd 0.000, Loss_proto 0.000, Loss_transfer 0.000, Loss_contrast 0.325, Train_accy 61.42
2025-04-14 00:49:28,055 [fcs.py] => Task 0, Epoch 58/101 => Loss 1.843, Loss_clf 1.518, Loss_fkd 0.000, Loss_proto 0.000, Loss_transfer 0.000, Loss_contrast 0.324, Train_accy 61.94
2025-04-14 00:49:54,945 [fcs.py] => Task 0, Epoch 59/101 => Loss 1.841, Loss_clf 1.517, Loss_fkd 0.000, Loss_proto 0.000, Loss_transfer 0.000, Loss_contrast 0.324, Train_accy 61.96
2025-04-14 00:50:21,002 [fcs.py] => Task 0, Epoch 60/101 => Loss 1.819, Loss_clf 1.496, Loss_fkd 0.000, Loss_proto 0.000, Loss_transfer 0.000, Loss_contrast 0.323, Train_accy 62.39
2025-04-14 00:50:47,882 [fcs.py] => Task 0, Epoch 61/101 => Loss 1.808, Loss_clf 1.485, Loss_fkd 0.000, Loss_proto 0.000, Loss_transfer 0.000, Loss_contrast 0.323, Train_accy 62.71, Test_accy 83.18
2025-04-14 00:51:14,675 [fcs.py] => Task 0, Epoch 62/101 => Loss 1.798, Loss_clf 1.475, Loss_fkd 0.000, Loss_proto 0.000, Loss_transfer 0.000, Loss_contrast 0.323, Train_accy 62.89
2025-04-14 00:51:41,795 [fcs.py] => Task 0, Epoch 63/101 => Loss 1.788, Loss_clf 1.464, Loss_fkd 0.000, Loss_proto 0.000, Loss_transfer 0.000, Loss_contrast 0.323, Train_accy 63.03
2025-04-14 00:52:06,945 [fcs.py] => Task 0, Epoch 64/101 => Loss 1.777, Loss_clf 1.454, Loss_fkd 0.000, Loss_proto 0.000, Loss_transfer 0.000, Loss_contrast 0.322, Train_accy 63.30
2025-04-14 00:52:33,360 [fcs.py] => Task 0, Epoch 65/101 => Loss 1.766, Loss_clf 1.441, Loss_fkd 0.000, Loss_proto 0.000, Loss_transfer 0.000, Loss_contrast 0.324, Train_accy 63.73
2025-04-14 00:53:00,049 [fcs.py] => Task 0, Epoch 66/101 => Loss 1.759, Loss_clf 1.438, Loss_fkd 0.000, Loss_proto 0.000, Loss_transfer 0.000, Loss_contrast 0.321, Train_accy 63.74, Test_accy 83.26
2025-04-14 00:53:26,272 [fcs.py] => Task 0, Epoch 67/101 => Loss 1.751, Loss_clf 1.429, Loss_fkd 0.000, Loss_proto 0.000, Loss_transfer 0.000, Loss_contrast 0.322, Train_accy 63.95
2025-04-14 00:53:53,338 [fcs.py] => Task 0, Epoch 68/101 => Loss 1.739, Loss_clf 1.416, Loss_fkd 0.000, Loss_proto 0.000, Loss_transfer 0.000, Loss_contrast 0.323, Train_accy 64.40
2025-04-14 00:54:20,760 [fcs.py] => Task 0, Epoch 69/101 => Loss 1.732, Loss_clf 1.410, Loss_fkd 0.000, Loss_proto 0.000, Loss_transfer 0.000, Loss_contrast 0.322, Train_accy 64.43
2025-04-14 00:54:47,950 [fcs.py] => Task 0, Epoch 70/101 => Loss 1.728, Loss_clf 1.404, Loss_fkd 0.000, Loss_proto 0.000, Loss_transfer 0.000, Loss_contrast 0.323, Train_accy 64.49
2025-04-14 00:55:15,157 [fcs.py] => Task 0, Epoch 71/101 => Loss 1.719, Loss_clf 1.396, Loss_fkd 0.000, Loss_proto 0.000, Loss_transfer 0.000, Loss_contrast 0.323, Train_accy 64.66, Test_accy 83.78
2025-04-14 00:55:41,991 [fcs.py] => Task 0, Epoch 72/101 => Loss 1.710, Loss_clf 1.389, Loss_fkd 0.000, Loss_proto 0.000, Loss_transfer 0.000, Loss_contrast 0.322, Train_accy 64.92
2025-04-14 00:56:09,242 [fcs.py] => Task 0, Epoch 73/101 => Loss 1.697, Loss_clf 1.375, Loss_fkd 0.000, Loss_proto 0.000, Loss_transfer 0.000, Loss_contrast 0.322, Train_accy 65.14
2025-04-14 00:56:36,595 [fcs.py] => Task 0, Epoch 74/101 => Loss 1.691, Loss_clf 1.370, Loss_fkd 0.000, Loss_proto 0.000, Loss_transfer 0.000, Loss_contrast 0.321, Train_accy 65.24
2025-04-14 00:57:04,322 [fcs.py] => Task 0, Epoch 75/101 => Loss 1.686, Loss_clf 1.364, Loss_fkd 0.000, Loss_proto 0.000, Loss_transfer 0.000, Loss_contrast 0.322, Train_accy 65.45
2025-04-14 00:57:30,881 [fcs.py] => Task 0, Epoch 76/101 => Loss 1.679, Loss_clf 1.356, Loss_fkd 0.000, Loss_proto 0.000, Loss_transfer 0.000, Loss_contrast 0.323, Train_accy 65.57, Test_accy 83.28
2025-04-14 00:57:55,497 [fcs.py] => Task 0, Epoch 77/101 => Loss 1.681, Loss_clf 1.359, Loss_fkd 0.000, Loss_proto 0.000, Loss_transfer 0.000, Loss_contrast 0.323, Train_accy 65.64
2025-04-14 00:58:23,849 [fcs.py] => Task 0, Epoch 78/101 => Loss 1.665, Loss_clf 1.343, Loss_fkd 0.000, Loss_proto 0.000, Loss_transfer 0.000, Loss_contrast 0.322, Train_accy 66.03
2025-04-14 00:58:48,962 [fcs.py] => Task 0, Epoch 79/101 => Loss 1.655, Loss_clf 1.334, Loss_fkd 0.000, Loss_proto 0.000, Loss_transfer 0.000, Loss_contrast 0.321, Train_accy 66.04
2025-04-14 00:59:16,521 [fcs.py] => Task 0, Epoch 80/101 => Loss 1.647, Loss_clf 1.327, Loss_fkd 0.000, Loss_proto 0.000, Loss_transfer 0.000, Loss_contrast 0.320, Train_accy 66.32
2025-04-14 00:59:42,727 [fcs.py] => Task 0, Epoch 81/101 => Loss 1.647, Loss_clf 1.326, Loss_fkd 0.000, Loss_proto 0.000, Loss_transfer 0.000, Loss_contrast 0.321, Train_accy 66.33, Test_accy 83.98
2025-04-14 01:00:09,734 [fcs.py] => Task 0, Epoch 82/101 => Loss 1.644, Loss_clf 1.322, Loss_fkd 0.000, Loss_proto 0.000, Loss_transfer 0.000, Loss_contrast 0.322, Train_accy 66.38
2025-04-14 01:00:35,919 [fcs.py] => Task 0, Epoch 83/101 => Loss 1.635, Loss_clf 1.312, Loss_fkd 0.000, Loss_proto 0.000, Loss_transfer 0.000, Loss_contrast 0.322, Train_accy 66.73
2025-04-14 01:01:02,256 [fcs.py] => Task 0, Epoch 84/101 => Loss 1.625, Loss_clf 1.304, Loss_fkd 0.000, Loss_proto 0.000, Loss_transfer 0.000, Loss_contrast 0.321, Train_accy 66.85
2025-04-14 01:01:28,844 [fcs.py] => Task 0, Epoch 85/101 => Loss 1.622, Loss_clf 1.300, Loss_fkd 0.000, Loss_proto 0.000, Loss_transfer 0.000, Loss_contrast 0.322, Train_accy 66.82
2025-04-14 01:01:56,743 [fcs.py] => Task 0, Epoch 86/101 => Loss 1.618, Loss_clf 1.295, Loss_fkd 0.000, Loss_proto 0.000, Loss_transfer 0.000, Loss_contrast 0.322, Train_accy 67.14, Test_accy 83.48
2025-04-14 01:02:23,788 [fcs.py] => Task 0, Epoch 87/101 => Loss 1.613, Loss_clf 1.291, Loss_fkd 0.000, Loss_proto 0.000, Loss_transfer 0.000, Loss_contrast 0.321, Train_accy 67.20
2025-04-14 01:02:49,535 [fcs.py] => Task 0, Epoch 88/101 => Loss 1.611, Loss_clf 1.289, Loss_fkd 0.000, Loss_proto 0.000, Loss_transfer 0.000, Loss_contrast 0.322, Train_accy 67.27
2025-04-14 01:03:16,282 [fcs.py] => Task 0, Epoch 89/101 => Loss 1.604, Loss_clf 1.283, Loss_fkd 0.000, Loss_proto 0.000, Loss_transfer 0.000, Loss_contrast 0.322, Train_accy 67.39
2025-04-14 01:03:43,030 [fcs.py] => Task 0, Epoch 90/101 => Loss 1.601, Loss_clf 1.279, Loss_fkd 0.000, Loss_proto 0.000, Loss_transfer 0.000, Loss_contrast 0.322, Train_accy 67.41
2025-04-14 01:04:09,057 [fcs.py] => Task 0, Epoch 91/101 => Loss 1.545, Loss_clf 1.225, Loss_fkd 0.000, Loss_proto 0.000, Loss_transfer 0.000, Loss_contrast 0.320, Train_accy 68.90, Test_accy 83.46
2025-04-14 01:04:36,728 [fcs.py] => Task 0, Epoch 92/101 => Loss 1.524, Loss_clf 1.203, Loss_fkd 0.000, Loss_proto 0.000, Loss_transfer 0.000, Loss_contrast 0.321, Train_accy 69.21
2025-04-14 01:05:03,997 [fcs.py] => Task 0, Epoch 93/101 => Loss 1.512, Loss_clf 1.193, Loss_fkd 0.000, Loss_proto 0.000, Loss_transfer 0.000, Loss_contrast 0.319, Train_accy 69.65
2025-04-14 01:05:31,052 [fcs.py] => Task 0, Epoch 94/101 => Loss 1.507, Loss_clf 1.188, Loss_fkd 0.000, Loss_proto 0.000, Loss_transfer 0.000, Loss_contrast 0.319, Train_accy 69.75
2025-04-14 01:05:59,410 [fcs.py] => Task 0, Epoch 95/101 => Loss 1.506, Loss_clf 1.188, Loss_fkd 0.000, Loss_proto 0.000, Loss_transfer 0.000, Loss_contrast 0.319, Train_accy 69.79
2025-04-14 01:06:26,341 [fcs.py] => Task 0, Epoch 96/101 => Loss 1.499, Loss_clf 1.180, Loss_fkd 0.000, Loss_proto 0.000, Loss_transfer 0.000, Loss_contrast 0.319, Train_accy 69.99, Test_accy 83.84
2025-04-14 01:06:53,406 [fcs.py] => Task 0, Epoch 97/101 => Loss 1.501, Loss_clf 1.181, Loss_fkd 0.000, Loss_proto 0.000, Loss_transfer 0.000, Loss_contrast 0.320, Train_accy 70.12
2025-04-14 01:07:21,887 [fcs.py] => Task 0, Epoch 98/101 => Loss 1.494, Loss_clf 1.175, Loss_fkd 0.000, Loss_proto 0.000, Loss_transfer 0.000, Loss_contrast 0.319, Train_accy 70.11
2025-04-14 01:07:45,646 [fcs.py] => Task 0, Epoch 99/101 => Loss 1.498, Loss_clf 1.180, Loss_fkd 0.000, Loss_proto 0.000, Loss_transfer 0.000, Loss_contrast 0.319, Train_accy 70.08
2025-04-14 01:08:14,312 [fcs.py] => Task 0, Epoch 100/101 => Loss 1.491, Loss_clf 1.173, Loss_fkd 0.000, Loss_proto 0.000, Loss_transfer 0.000, Loss_contrast 0.318, Train_accy 70.24
2025-04-14 01:08:41,695 [fcs.py] => Task 0, Epoch 101/101 => Loss 1.490, Loss_clf 1.172, Loss_fkd 0.000, Loss_proto 0.000, Loss_transfer 0.000, Loss_contrast 0.318, Train_accy 70.10, Test_accy 83.84
2025-04-14 01:08:52,358 [trainer.py] => CNN: {'total': 83.84, '00-09': 86.2, '10-19': 78.7, '20-29': 87.3, '30-39': 82.2, '40-49': 84.8, 'old': 0, 'new': 83.84}
2025-04-14 01:08:52,359 [trainer.py] => NME: {'total': 81.7, '00-09': 82.9, '10-19': 75.6, '20-29': 84.4, '30-39': 80.8, '40-49': 84.8, 'old': 0, 'new': 81.7}
2025-04-14 01:08:52,359 [trainer.py] => CNN top1 curve: [83.84]
2025-04-14 01:08:52,359 [trainer.py] => CNN top5 curve: [97.4]
