2025-04-07 22:51:46,414 [trainer.py] => config: ./exps/fcs/cifar100/5/first_stage.json
2025-04-07 22:51:46,414 [trainer.py] => prefix: cil
2025-04-07 22:51:46,414 [trainer.py] => dataset: cifar100
2025-04-07 22:51:46,414 [trainer.py] => memory_size: 0
2025-04-07 22:51:46,414 [trainer.py] => shuffle: True
2025-04-07 22:51:46,414 [trainer.py] => init_cls: 50
2025-04-07 22:51:46,414 [trainer.py] => increment: 10
2025-04-07 22:51:46,414 [trainer.py] => model_name: fcs
2025-04-07 22:51:46,414 [trainer.py] => convnet_type: resnet34_cbam
2025-04-07 22:51:46,415 [trainer.py] => device: [device(type='cuda', index=0)]
2025-04-07 22:51:46,415 [trainer.py] => seed: 1993
2025-04-07 22:51:46,415 [trainer.py] => lambda_fkd: 10
2025-04-07 22:51:46,415 [trainer.py] => ckpt_num: 0
2025-04-07 22:51:46,415 [trainer.py] => ckpt_path: 
2025-04-07 22:51:46,415 [trainer.py] => contrast_T: 0.07
2025-04-07 22:51:46,415 [trainer.py] => lambda_contrast: 0.1
2025-04-07 22:51:46,415 [trainer.py] => lambda_proto: 10
2025-04-07 22:51:46,415 [trainer.py] => lambda_transfer: 1
2025-04-07 22:51:46,415 [trainer.py] => temp: 0.1
2025-04-07 22:51:46,415 [trainer.py] => epochs: 101
2025-04-07 22:51:46,415 [trainer.py] => lr: 0.001
2025-04-07 22:51:46,415 [trainer.py] => batch_size: 64
2025-04-07 22:51:46,415 [trainer.py] => weight_decay: 0.0002
2025-04-07 22:51:46,415 [trainer.py] => step_size: 45
2025-04-07 22:51:46,415 [trainer.py] => gamma: 0.1
2025-04-07 22:51:46,415 [trainer.py] => num_workers: 8
2025-04-07 22:51:46,415 [trainer.py] => is_task0: True
2025-04-07 22:51:46,415 [trainer.py] => log_dir: logs
2025-04-07 22:51:46,415 [trainer.py] => log_name: first_stage
2025-04-07 22:51:49,183 [data_manager.py] => [68, 56, 78, 8, 23, 84, 90, 65, 74, 76, 40, 89, 3, 92, 55, 9, 26, 80, 43, 38, 58, 70, 77, 1, 85, 19, 17, 50, 28, 53, 13, 81, 45, 82, 6, 59, 83, 16, 15, 44, 91, 41, 72, 60, 79, 52, 20, 10, 31, 54, 37, 95, 14, 71, 96, 98, 97, 2, 64, 66, 42, 22, 35, 86, 24, 34, 87, 21, 99, 0, 88, 27, 18, 94, 11, 12, 47, 25, 30, 46, 62, 69, 36, 61, 7, 63, 75, 5, 32, 4, 51, 48, 73, 93, 39, 67, 29, 49, 57, 33]
2025-04-07 22:51:49,583 [trainer.py] => All params: 21698400
2025-04-07 22:51:49,583 [trainer.py] => Trainable params: 21698400
2025-04-07 22:51:49,594 [fcs.py] => Learning on 0-50
2025-04-07 22:51:49,595 [fcs.py] => All params: 22429425
2025-04-07 22:51:49,596 [fcs.py] => Trainable params: 22429425
2025-04-07 22:53:48,039 [fcs.py] => Task 0, Epoch 1/101 => Loss 8.120, Loss_clf 7.529, Loss_fkd 0.000, Loss_proto 0.000, Loss_transfer 0.000, Loss_contrast 0.591, Train_accy 1.17, Test_accy 12.26
2025-04-07 22:55:42,589 [fcs.py] => Task 0, Epoch 2/101 => Loss 6.485, Loss_clf 5.919, Loss_fkd 0.000, Loss_proto 0.000, Loss_transfer 0.000, Loss_contrast 0.566, Train_accy 4.60
2025-04-07 22:57:39,339 [fcs.py] => Task 0, Epoch 3/101 => Loss 5.948, Loss_clf 5.424, Loss_fkd 0.000, Loss_proto 0.000, Loss_transfer 0.000, Loss_contrast 0.524, Train_accy 7.54
2025-04-07 22:59:33,133 [fcs.py] => Task 0, Epoch 4/101 => Loss 5.559, Loss_clf 5.064, Loss_fkd 0.000, Loss_proto 0.000, Loss_transfer 0.000, Loss_contrast 0.495, Train_accy 10.27
2025-04-07 23:01:26,052 [fcs.py] => Task 0, Epoch 5/101 => Loss 5.138, Loss_clf 4.675, Loss_fkd 0.000, Loss_proto 0.000, Loss_transfer 0.000, Loss_contrast 0.463, Train_accy 13.69
2025-04-07 23:03:24,441 [fcs.py] => Task 0, Epoch 6/101 => Loss 4.787, Loss_clf 4.344, Loss_fkd 0.000, Loss_proto 0.000, Loss_transfer 0.000, Loss_contrast 0.443, Train_accy 17.18, Test_accy 45.88
2025-04-07 23:05:20,688 [fcs.py] => Task 0, Epoch 7/101 => Loss 4.489, Loss_clf 4.066, Loss_fkd 0.000, Loss_proto 0.000, Loss_transfer 0.000, Loss_contrast 0.422, Train_accy 20.33
2025-04-07 23:07:12,196 [fcs.py] => Task 0, Epoch 8/101 => Loss 4.260, Loss_clf 3.852, Loss_fkd 0.000, Loss_proto 0.000, Loss_transfer 0.000, Loss_contrast 0.408, Train_accy 23.03
2025-04-07 23:09:09,232 [fcs.py] => Task 0, Epoch 9/101 => Loss 4.088, Loss_clf 3.690, Loss_fkd 0.000, Loss_proto 0.000, Loss_transfer 0.000, Loss_contrast 0.398, Train_accy 25.15
2025-04-07 23:11:05,332 [fcs.py] => Task 0, Epoch 10/101 => Loss 3.919, Loss_clf 3.532, Loss_fkd 0.000, Loss_proto 0.000, Loss_transfer 0.000, Loss_contrast 0.388, Train_accy 27.29
2025-04-07 23:13:01,236 [fcs.py] => Task 0, Epoch 11/101 => Loss 3.787, Loss_clf 3.403, Loss_fkd 0.000, Loss_proto 0.000, Loss_transfer 0.000, Loss_contrast 0.384, Train_accy 29.04, Test_accy 60.84
2025-04-07 23:14:59,861 [fcs.py] => Task 0, Epoch 12/101 => Loss 3.660, Loss_clf 3.285, Loss_fkd 0.000, Loss_proto 0.000, Loss_transfer 0.000, Loss_contrast 0.375, Train_accy 30.63
2025-04-07 23:16:52,758 [fcs.py] => Task 0, Epoch 13/101 => Loss 3.569, Loss_clf 3.196, Loss_fkd 0.000, Loss_proto 0.000, Loss_transfer 0.000, Loss_contrast 0.373, Train_accy 31.81
2025-04-07 23:18:46,308 [fcs.py] => Task 0, Epoch 14/101 => Loss 3.485, Loss_clf 3.118, Loss_fkd 0.000, Loss_proto 0.000, Loss_transfer 0.000, Loss_contrast 0.367, Train_accy 33.15
2025-04-07 23:20:42,008 [fcs.py] => Task 0, Epoch 15/101 => Loss 3.399, Loss_clf 3.033, Loss_fkd 0.000, Loss_proto 0.000, Loss_transfer 0.000, Loss_contrast 0.366, Train_accy 34.20
2025-04-07 23:22:39,620 [fcs.py] => Task 0, Epoch 16/101 => Loss 3.325, Loss_clf 2.961, Loss_fkd 0.000, Loss_proto 0.000, Loss_transfer 0.000, Loss_contrast 0.364, Train_accy 35.45, Test_accy 69.22
2025-04-07 23:24:35,956 [fcs.py] => Task 0, Epoch 17/101 => Loss 3.262, Loss_clf 2.903, Loss_fkd 0.000, Loss_proto 0.000, Loss_transfer 0.000, Loss_contrast 0.359, Train_accy 36.21
2025-04-07 23:26:33,177 [fcs.py] => Task 0, Epoch 18/101 => Loss 3.219, Loss_clf 2.858, Loss_fkd 0.000, Loss_proto 0.000, Loss_transfer 0.000, Loss_contrast 0.361, Train_accy 36.98
2025-04-07 23:28:31,183 [fcs.py] => Task 0, Epoch 19/101 => Loss 3.173, Loss_clf 2.816, Loss_fkd 0.000, Loss_proto 0.000, Loss_transfer 0.000, Loss_contrast 0.357, Train_accy 37.63
2025-04-07 23:30:30,074 [fcs.py] => Task 0, Epoch 20/101 => Loss 3.106, Loss_clf 2.752, Loss_fkd 0.000, Loss_proto 0.000, Loss_transfer 0.000, Loss_contrast 0.354, Train_accy 38.54
2025-04-07 23:32:27,656 [fcs.py] => Task 0, Epoch 21/101 => Loss 3.068, Loss_clf 2.715, Loss_fkd 0.000, Loss_proto 0.000, Loss_transfer 0.000, Loss_contrast 0.352, Train_accy 39.22, Test_accy 70.72
2025-04-07 23:34:23,285 [fcs.py] => Task 0, Epoch 22/101 => Loss 3.037, Loss_clf 2.685, Loss_fkd 0.000, Loss_proto 0.000, Loss_transfer 0.000, Loss_contrast 0.353, Train_accy 39.66
2025-04-07 23:36:20,150 [fcs.py] => Task 0, Epoch 23/101 => Loss 2.995, Loss_clf 2.644, Loss_fkd 0.000, Loss_proto 0.000, Loss_transfer 0.000, Loss_contrast 0.351, Train_accy 40.31
2025-04-07 23:38:16,277 [fcs.py] => Task 0, Epoch 24/101 => Loss 2.960, Loss_clf 2.610, Loss_fkd 0.000, Loss_proto 0.000, Loss_transfer 0.000, Loss_contrast 0.350, Train_accy 40.83
2025-04-07 23:40:12,144 [fcs.py] => Task 0, Epoch 25/101 => Loss 2.929, Loss_clf 2.580, Loss_fkd 0.000, Loss_proto 0.000, Loss_transfer 0.000, Loss_contrast 0.349, Train_accy 41.34
2025-04-07 23:41:59,207 [fcs.py] => Task 0, Epoch 26/101 => Loss 2.901, Loss_clf 2.553, Loss_fkd 0.000, Loss_proto 0.000, Loss_transfer 0.000, Loss_contrast 0.348, Train_accy 41.74, Test_accy 72.06
2025-04-07 23:43:46,848 [fcs.py] => Task 0, Epoch 27/101 => Loss 2.877, Loss_clf 2.529, Loss_fkd 0.000, Loss_proto 0.000, Loss_transfer 0.000, Loss_contrast 0.348, Train_accy 42.26
2025-04-07 23:45:34,241 [fcs.py] => Task 0, Epoch 28/101 => Loss 2.837, Loss_clf 2.493, Loss_fkd 0.000, Loss_proto 0.000, Loss_transfer 0.000, Loss_contrast 0.345, Train_accy 42.80
2025-04-07 23:47:24,545 [fcs.py] => Task 0, Epoch 29/101 => Loss 2.831, Loss_clf 2.484, Loss_fkd 0.000, Loss_proto 0.000, Loss_transfer 0.000, Loss_contrast 0.347, Train_accy 43.02
2025-04-07 23:49:12,492 [fcs.py] => Task 0, Epoch 30/101 => Loss 2.833, Loss_clf 2.487, Loss_fkd 0.000, Loss_proto 0.000, Loss_transfer 0.000, Loss_contrast 0.346, Train_accy 42.89
2025-04-07 23:50:55,792 [fcs.py] => Task 0, Epoch 31/101 => Loss 2.779, Loss_clf 2.437, Loss_fkd 0.000, Loss_proto 0.000, Loss_transfer 0.000, Loss_contrast 0.342, Train_accy 43.74, Test_accy 74.54
2025-04-07 23:52:33,779 [fcs.py] => Task 0, Epoch 32/101 => Loss 2.750, Loss_clf 2.407, Loss_fkd 0.000, Loss_proto 0.000, Loss_transfer 0.000, Loss_contrast 0.343, Train_accy 44.36
2025-04-07 23:54:21,667 [fcs.py] => Task 0, Epoch 33/101 => Loss 2.733, Loss_clf 2.390, Loss_fkd 0.000, Loss_proto 0.000, Loss_transfer 0.000, Loss_contrast 0.342, Train_accy 44.59
2025-04-07 23:56:27,969 [fcs.py] => Task 0, Epoch 34/101 => Loss 2.713, Loss_clf 2.371, Loss_fkd 0.000, Loss_proto 0.000, Loss_transfer 0.000, Loss_contrast 0.342, Train_accy 44.98
2025-04-07 23:58:32,310 [fcs.py] => Task 0, Epoch 35/101 => Loss 2.688, Loss_clf 2.346, Loss_fkd 0.000, Loss_proto 0.000, Loss_transfer 0.000, Loss_contrast 0.342, Train_accy 45.35
2025-04-08 00:00:46,688 [fcs.py] => Task 0, Epoch 36/101 => Loss 2.680, Loss_clf 2.337, Loss_fkd 0.000, Loss_proto 0.000, Loss_transfer 0.000, Loss_contrast 0.343, Train_accy 45.34, Test_accy 75.50
2025-04-08 00:02:59,751 [fcs.py] => Task 0, Epoch 37/101 => Loss 2.661, Loss_clf 2.320, Loss_fkd 0.000, Loss_proto 0.000, Loss_transfer 0.000, Loss_contrast 0.341, Train_accy 45.69
2025-04-08 00:05:12,639 [fcs.py] => Task 0, Epoch 38/101 => Loss 2.645, Loss_clf 2.303, Loss_fkd 0.000, Loss_proto 0.000, Loss_transfer 0.000, Loss_contrast 0.342, Train_accy 46.19
2025-04-08 00:07:25,871 [fcs.py] => Task 0, Epoch 39/101 => Loss 2.636, Loss_clf 2.293, Loss_fkd 0.000, Loss_proto 0.000, Loss_transfer 0.000, Loss_contrast 0.342, Train_accy 46.34
2025-04-08 00:09:39,538 [fcs.py] => Task 0, Epoch 40/101 => Loss 2.625, Loss_clf 2.283, Loss_fkd 0.000, Loss_proto 0.000, Loss_transfer 0.000, Loss_contrast 0.342, Train_accy 46.51
2025-04-08 00:11:54,490 [fcs.py] => Task 0, Epoch 41/101 => Loss 2.617, Loss_clf 2.277, Loss_fkd 0.000, Loss_proto 0.000, Loss_transfer 0.000, Loss_contrast 0.340, Train_accy 46.66, Test_accy 76.04
2025-04-08 00:14:09,103 [fcs.py] => Task 0, Epoch 42/101 => Loss 2.598, Loss_clf 2.257, Loss_fkd 0.000, Loss_proto 0.000, Loss_transfer 0.000, Loss_contrast 0.340, Train_accy 46.99
2025-04-08 00:16:23,457 [fcs.py] => Task 0, Epoch 43/101 => Loss 2.577, Loss_clf 2.236, Loss_fkd 0.000, Loss_proto 0.000, Loss_transfer 0.000, Loss_contrast 0.341, Train_accy 47.37
2025-04-08 00:18:37,269 [fcs.py] => Task 0, Epoch 44/101 => Loss 2.579, Loss_clf 2.238, Loss_fkd 0.000, Loss_proto 0.000, Loss_transfer 0.000, Loss_contrast 0.341, Train_accy 47.34
2025-04-08 00:20:50,954 [fcs.py] => Task 0, Epoch 45/101 => Loss 2.562, Loss_clf 2.222, Loss_fkd 0.000, Loss_proto 0.000, Loss_transfer 0.000, Loss_contrast 0.340, Train_accy 47.65
2025-04-08 00:23:05,640 [fcs.py] => Task 0, Epoch 46/101 => Loss 2.215, Loss_clf 1.886, Loss_fkd 0.000, Loss_proto 0.000, Loss_transfer 0.000, Loss_contrast 0.329, Train_accy 54.37, Test_accy 81.16
2025-04-08 00:25:18,751 [fcs.py] => Task 0, Epoch 47/101 => Loss 2.103, Loss_clf 1.777, Loss_fkd 0.000, Loss_proto 0.000, Loss_transfer 0.000, Loss_contrast 0.326, Train_accy 56.42
2025-04-08 00:27:36,310 [fcs.py] => Task 0, Epoch 48/101 => Loss 2.054, Loss_clf 1.729, Loss_fkd 0.000, Loss_proto 0.000, Loss_transfer 0.000, Loss_contrast 0.325, Train_accy 57.58
2025-04-08 00:29:52,969 [fcs.py] => Task 0, Epoch 49/101 => Loss 2.020, Loss_clf 1.693, Loss_fkd 0.000, Loss_proto 0.000, Loss_transfer 0.000, Loss_contrast 0.326, Train_accy 58.31
2025-04-08 00:32:06,038 [fcs.py] => Task 0, Epoch 50/101 => Loss 1.988, Loss_clf 1.664, Loss_fkd 0.000, Loss_proto 0.000, Loss_transfer 0.000, Loss_contrast 0.325, Train_accy 58.89
2025-04-08 00:34:21,114 [fcs.py] => Task 0, Epoch 51/101 => Loss 1.960, Loss_clf 1.636, Loss_fkd 0.000, Loss_proto 0.000, Loss_transfer 0.000, Loss_contrast 0.323, Train_accy 59.50, Test_accy 82.04
2025-04-08 00:36:33,201 [fcs.py] => Task 0, Epoch 52/101 => Loss 1.950, Loss_clf 1.626, Loss_fkd 0.000, Loss_proto 0.000, Loss_transfer 0.000, Loss_contrast 0.325, Train_accy 59.72
2025-04-08 00:38:47,776 [fcs.py] => Task 0, Epoch 53/101 => Loss 1.929, Loss_clf 1.604, Loss_fkd 0.000, Loss_proto 0.000, Loss_transfer 0.000, Loss_contrast 0.324, Train_accy 60.24
2025-04-08 00:41:04,751 [fcs.py] => Task 0, Epoch 54/101 => Loss 1.915, Loss_clf 1.592, Loss_fkd 0.000, Loss_proto 0.000, Loss_transfer 0.000, Loss_contrast 0.323, Train_accy 60.44
2025-04-08 00:42:53,408 [fcs.py] => Task 0, Epoch 55/101 => Loss 1.898, Loss_clf 1.576, Loss_fkd 0.000, Loss_proto 0.000, Loss_transfer 0.000, Loss_contrast 0.322, Train_accy 60.76
2025-04-08 00:44:44,937 [fcs.py] => Task 0, Epoch 56/101 => Loss 1.880, Loss_clf 1.559, Loss_fkd 0.000, Loss_proto 0.000, Loss_transfer 0.000, Loss_contrast 0.321, Train_accy 61.08, Test_accy 82.32
2025-04-08 00:46:30,866 [fcs.py] => Task 0, Epoch 57/101 => Loss 1.858, Loss_clf 1.536, Loss_fkd 0.000, Loss_proto 0.000, Loss_transfer 0.000, Loss_contrast 0.322, Train_accy 61.61
2025-04-08 00:48:18,747 [fcs.py] => Task 0, Epoch 58/101 => Loss 1.858, Loss_clf 1.536, Loss_fkd 0.000, Loss_proto 0.000, Loss_transfer 0.000, Loss_contrast 0.321, Train_accy 61.71
2025-04-08 00:50:05,674 [fcs.py] => Task 0, Epoch 59/101 => Loss 1.839, Loss_clf 1.519, Loss_fkd 0.000, Loss_proto 0.000, Loss_transfer 0.000, Loss_contrast 0.321, Train_accy 62.04
2025-04-08 00:52:03,432 [fcs.py] => Task 0, Epoch 60/101 => Loss 1.823, Loss_clf 1.502, Loss_fkd 0.000, Loss_proto 0.000, Loss_transfer 0.000, Loss_contrast 0.321, Train_accy 62.48
2025-04-08 00:53:53,568 [fcs.py] => Task 0, Epoch 61/101 => Loss 1.813, Loss_clf 1.492, Loss_fkd 0.000, Loss_proto 0.000, Loss_transfer 0.000, Loss_contrast 0.321, Train_accy 62.44, Test_accy 82.56
2025-04-08 00:55:43,743 [fcs.py] => Task 0, Epoch 62/101 => Loss 1.805, Loss_clf 1.484, Loss_fkd 0.000, Loss_proto 0.000, Loss_transfer 0.000, Loss_contrast 0.321, Train_accy 62.71
2025-04-08 00:57:37,945 [fcs.py] => Task 0, Epoch 63/101 => Loss 1.795, Loss_clf 1.474, Loss_fkd 0.000, Loss_proto 0.000, Loss_transfer 0.000, Loss_contrast 0.321, Train_accy 62.99
2025-04-08 00:59:25,996 [fcs.py] => Task 0, Epoch 64/101 => Loss 1.789, Loss_clf 1.468, Loss_fkd 0.000, Loss_proto 0.000, Loss_transfer 0.000, Loss_contrast 0.321, Train_accy 63.14
2025-04-08 01:01:15,437 [fcs.py] => Task 0, Epoch 65/101 => Loss 1.768, Loss_clf 1.447, Loss_fkd 0.000, Loss_proto 0.000, Loss_transfer 0.000, Loss_contrast 0.321, Train_accy 63.64
2025-04-08 01:03:05,984 [fcs.py] => Task 0, Epoch 66/101 => Loss 1.767, Loss_clf 1.447, Loss_fkd 0.000, Loss_proto 0.000, Loss_transfer 0.000, Loss_contrast 0.320, Train_accy 63.62, Test_accy 82.72
2025-04-08 01:04:55,437 [fcs.py] => Task 0, Epoch 67/101 => Loss 1.751, Loss_clf 1.430, Loss_fkd 0.000, Loss_proto 0.000, Loss_transfer 0.000, Loss_contrast 0.321, Train_accy 64.04
2025-04-08 01:06:43,572 [fcs.py] => Task 0, Epoch 68/101 => Loss 1.745, Loss_clf 1.425, Loss_fkd 0.000, Loss_proto 0.000, Loss_transfer 0.000, Loss_contrast 0.320, Train_accy 64.18
2025-04-08 01:08:32,807 [fcs.py] => Task 0, Epoch 69/101 => Loss 1.739, Loss_clf 1.419, Loss_fkd 0.000, Loss_proto 0.000, Loss_transfer 0.000, Loss_contrast 0.321, Train_accy 64.27
2025-04-08 01:10:21,426 [fcs.py] => Task 0, Epoch 70/101 => Loss 1.727, Loss_clf 1.406, Loss_fkd 0.000, Loss_proto 0.000, Loss_transfer 0.000, Loss_contrast 0.320, Train_accy 64.51
2025-04-08 01:12:11,306 [fcs.py] => Task 0, Epoch 71/101 => Loss 1.719, Loss_clf 1.399, Loss_fkd 0.000, Loss_proto 0.000, Loss_transfer 0.000, Loss_contrast 0.320, Train_accy 64.58, Test_accy 82.80
2025-04-08 01:14:00,691 [fcs.py] => Task 0, Epoch 72/101 => Loss 1.709, Loss_clf 1.389, Loss_fkd 0.000, Loss_proto 0.000, Loss_transfer 0.000, Loss_contrast 0.319, Train_accy 64.97
2025-04-08 01:15:47,801 [fcs.py] => Task 0, Epoch 73/101 => Loss 1.701, Loss_clf 1.382, Loss_fkd 0.000, Loss_proto 0.000, Loss_transfer 0.000, Loss_contrast 0.319, Train_accy 65.14
2025-04-08 01:17:34,203 [fcs.py] => Task 0, Epoch 74/101 => Loss 1.699, Loss_clf 1.378, Loss_fkd 0.000, Loss_proto 0.000, Loss_transfer 0.000, Loss_contrast 0.321, Train_accy 65.07
2025-04-08 01:19:21,474 [fcs.py] => Task 0, Epoch 75/101 => Loss 1.686, Loss_clf 1.365, Loss_fkd 0.000, Loss_proto 0.000, Loss_transfer 0.000, Loss_contrast 0.321, Train_accy 65.35
2025-04-08 01:21:05,682 [fcs.py] => Task 0, Epoch 76/101 => Loss 1.688, Loss_clf 1.366, Loss_fkd 0.000, Loss_proto 0.000, Loss_transfer 0.000, Loss_contrast 0.322, Train_accy 65.35, Test_accy 83.26
2025-04-08 01:22:53,276 [fcs.py] => Task 0, Epoch 77/101 => Loss 1.672, Loss_clf 1.352, Loss_fkd 0.000, Loss_proto 0.000, Loss_transfer 0.000, Loss_contrast 0.320, Train_accy 65.74
2025-04-08 01:24:40,892 [fcs.py] => Task 0, Epoch 78/101 => Loss 1.664, Loss_clf 1.344, Loss_fkd 0.000, Loss_proto 0.000, Loss_transfer 0.000, Loss_contrast 0.320, Train_accy 65.93
2025-04-08 01:26:27,408 [fcs.py] => Task 0, Epoch 79/101 => Loss 1.661, Loss_clf 1.341, Loss_fkd 0.000, Loss_proto 0.000, Loss_transfer 0.000, Loss_contrast 0.320, Train_accy 66.07
2025-04-08 01:28:11,366 [fcs.py] => Task 0, Epoch 80/101 => Loss 1.661, Loss_clf 1.340, Loss_fkd 0.000, Loss_proto 0.000, Loss_transfer 0.000, Loss_contrast 0.321, Train_accy 65.91
2025-04-08 01:30:00,602 [fcs.py] => Task 0, Epoch 81/101 => Loss 1.641, Loss_clf 1.322, Loss_fkd 0.000, Loss_proto 0.000, Loss_transfer 0.000, Loss_contrast 0.319, Train_accy 66.37, Test_accy 83.16
2025-04-08 01:31:49,678 [fcs.py] => Task 0, Epoch 82/101 => Loss 1.645, Loss_clf 1.323, Loss_fkd 0.000, Loss_proto 0.000, Loss_transfer 0.000, Loss_contrast 0.321, Train_accy 66.44
2025-04-08 01:33:40,677 [fcs.py] => Task 0, Epoch 83/101 => Loss 1.633, Loss_clf 1.314, Loss_fkd 0.000, Loss_proto 0.000, Loss_transfer 0.000, Loss_contrast 0.319, Train_accy 66.71
2025-04-08 01:35:29,779 [fcs.py] => Task 0, Epoch 84/101 => Loss 1.631, Loss_clf 1.310, Loss_fkd 0.000, Loss_proto 0.000, Loss_transfer 0.000, Loss_contrast 0.320, Train_accy 66.70
2025-04-08 01:37:17,633 [fcs.py] => Task 0, Epoch 85/101 => Loss 1.620, Loss_clf 1.301, Loss_fkd 0.000, Loss_proto 0.000, Loss_transfer 0.000, Loss_contrast 0.319, Train_accy 66.85
2025-04-08 01:39:07,379 [fcs.py] => Task 0, Epoch 86/101 => Loss 1.614, Loss_clf 1.294, Loss_fkd 0.000, Loss_proto 0.000, Loss_transfer 0.000, Loss_contrast 0.320, Train_accy 67.15, Test_accy 82.82
2025-04-08 01:40:53,750 [fcs.py] => Task 0, Epoch 87/101 => Loss 1.615, Loss_clf 1.295, Loss_fkd 0.000, Loss_proto 0.000, Loss_transfer 0.000, Loss_contrast 0.321, Train_accy 67.17
2025-04-08 01:42:39,855 [fcs.py] => Task 0, Epoch 88/101 => Loss 1.604, Loss_clf 1.285, Loss_fkd 0.000, Loss_proto 0.000, Loss_transfer 0.000, Loss_contrast 0.319, Train_accy 67.24
2025-04-08 01:44:23,623 [fcs.py] => Task 0, Epoch 89/101 => Loss 1.599, Loss_clf 1.279, Loss_fkd 0.000, Loss_proto 0.000, Loss_transfer 0.000, Loss_contrast 0.321, Train_accy 67.53
2025-04-08 01:45:36,025 [fcs.py] => Task 0, Epoch 90/101 => Loss 1.599, Loss_clf 1.278, Loss_fkd 0.000, Loss_proto 0.000, Loss_transfer 0.000, Loss_contrast 0.321, Train_accy 67.42
2025-04-08 01:46:51,090 [fcs.py] => Task 0, Epoch 91/101 => Loss 1.541, Loss_clf 1.221, Loss_fkd 0.000, Loss_proto 0.000, Loss_transfer 0.000, Loss_contrast 0.319, Train_accy 68.93, Test_accy 83.68
2025-04-08 01:48:05,411 [fcs.py] => Task 0, Epoch 92/101 => Loss 1.518, Loss_clf 1.200, Loss_fkd 0.000, Loss_proto 0.000, Loss_transfer 0.000, Loss_contrast 0.318, Train_accy 69.35
2025-04-08 01:49:18,533 [fcs.py] => Task 0, Epoch 93/101 => Loss 1.513, Loss_clf 1.195, Loss_fkd 0.000, Loss_proto 0.000, Loss_transfer 0.000, Loss_contrast 0.318, Train_accy 69.55
2025-04-08 01:50:27,959 [fcs.py] => Task 0, Epoch 94/101 => Loss 1.508, Loss_clf 1.189, Loss_fkd 0.000, Loss_proto 0.000, Loss_transfer 0.000, Loss_contrast 0.319, Train_accy 69.71
2025-04-08 01:51:40,685 [fcs.py] => Task 0, Epoch 95/101 => Loss 1.503, Loss_clf 1.186, Loss_fkd 0.000, Loss_proto 0.000, Loss_transfer 0.000, Loss_contrast 0.317, Train_accy 69.81
2025-04-08 01:52:55,369 [fcs.py] => Task 0, Epoch 96/101 => Loss 1.496, Loss_clf 1.178, Loss_fkd 0.000, Loss_proto 0.000, Loss_transfer 0.000, Loss_contrast 0.318, Train_accy 69.92, Test_accy 83.90
2025-04-08 01:54:08,835 [fcs.py] => Task 0, Epoch 97/101 => Loss 1.502, Loss_clf 1.183, Loss_fkd 0.000, Loss_proto 0.000, Loss_transfer 0.000, Loss_contrast 0.319, Train_accy 69.92
2025-04-08 01:55:21,707 [fcs.py] => Task 0, Epoch 98/101 => Loss 1.496, Loss_clf 1.177, Loss_fkd 0.000, Loss_proto 0.000, Loss_transfer 0.000, Loss_contrast 0.319, Train_accy 70.10
2025-04-08 01:56:31,040 [fcs.py] => Task 0, Epoch 99/101 => Loss 1.486, Loss_clf 1.168, Loss_fkd 0.000, Loss_proto 0.000, Loss_transfer 0.000, Loss_contrast 0.318, Train_accy 70.22
2025-04-08 01:57:40,386 [fcs.py] => Task 0, Epoch 100/101 => Loss 1.485, Loss_clf 1.167, Loss_fkd 0.000, Loss_proto 0.000, Loss_transfer 0.000, Loss_contrast 0.318, Train_accy 70.32
2025-04-08 01:58:51,445 [fcs.py] => Task 0, Epoch 101/101 => Loss 1.492, Loss_clf 1.173, Loss_fkd 0.000, Loss_proto 0.000, Loss_transfer 0.000, Loss_contrast 0.319, Train_accy 70.24, Test_accy 83.76
2025-04-08 01:59:06,319 [trainer.py] => CNN: {'total': np.float64(83.76), '00-09': np.float64(86.7), '10-19': np.float64(79.8), '20-29': np.float64(86.5), '30-39': np.float64(81.1), '40-49': np.float64(84.7), 'old': 0, 'new': np.float64(83.76)}
2025-04-08 01:59:06,320 [trainer.py] => NME: {'total': np.float64(80.84), '00-09': np.float64(82.0), '10-19': np.float64(73.5), '20-29': np.float64(85.6), '30-39': np.float64(78.9), '40-49': np.float64(84.2), 'old': 0, 'new': np.float64(80.84)}
2025-04-08 01:59:06,320 [trainer.py] => CNN top1 curve: [np.float64(83.76)]
2025-04-08 01:59:06,320 [trainer.py] => CNN top5 curve: [np.float64(97.34)]
2025-04-09 17:23:08,506 [trainer.py] => config: ./exps/fcs/cifar100/5/first_stage.json
2025-04-09 17:23:08,521 [trainer.py] => prefix: cil
2025-04-09 17:23:08,521 [trainer.py] => dataset: cifar100
2025-04-09 17:23:08,521 [trainer.py] => memory_size: 0
2025-04-09 17:23:08,521 [trainer.py] => shuffle: True
2025-04-09 17:23:08,521 [trainer.py] => init_cls: 50
2025-04-09 17:23:08,521 [trainer.py] => increment: 10
2025-04-09 17:23:08,521 [trainer.py] => model_name: fcs
2025-04-09 17:23:08,521 [trainer.py] => convnet_type: resnet34_cbam
2025-04-09 17:23:08,521 [trainer.py] => device: [device(type='cuda', index=0)]
2025-04-09 17:23:08,521 [trainer.py] => seed: 1993
2025-04-09 17:23:08,521 [trainer.py] => lambda_fkd: 10
2025-04-09 17:23:08,521 [trainer.py] => ckpt_num: 0
2025-04-09 17:23:08,521 [trainer.py] => ckpt_path: 
2025-04-09 17:23:08,521 [trainer.py] => contrast_T: 0.07
2025-04-09 17:23:08,521 [trainer.py] => lambda_contrast: 0.1
2025-04-09 17:23:08,521 [trainer.py] => lambda_proto: 10
2025-04-09 17:23:08,521 [trainer.py] => lambda_transfer: 1
2025-04-09 17:23:08,521 [trainer.py] => temp: 0.1
2025-04-09 17:23:08,521 [trainer.py] => epochs: 101
2025-04-09 17:23:08,521 [trainer.py] => lr: 0.001
2025-04-09 17:23:08,521 [trainer.py] => batch_size: 64
2025-04-09 17:23:08,521 [trainer.py] => weight_decay: 0.0002
2025-04-09 17:23:08,521 [trainer.py] => step_size: 45
2025-04-09 17:23:08,521 [trainer.py] => gamma: 0.1
2025-04-09 17:23:08,521 [trainer.py] => num_workers: 8
2025-04-09 17:23:08,521 [trainer.py] => is_task0: True
2025-04-09 17:23:08,521 [trainer.py] => log_dir: logs
2025-04-09 17:23:08,521 [trainer.py] => log_name: first_stage
2025-04-09 17:23:09,862 [data_manager.py] => [68, 56, 78, 8, 23, 84, 90, 65, 74, 76, 40, 89, 3, 92, 55, 9, 26, 80, 43, 38, 58, 70, 77, 1, 85, 19, 17, 50, 28, 53, 13, 81, 45, 82, 6, 59, 83, 16, 15, 44, 91, 41, 72, 60, 79, 52, 20, 10, 31, 54, 37, 95, 14, 71, 96, 98, 97, 2, 64, 66, 42, 22, 35, 86, 24, 34, 87, 21, 99, 0, 88, 27, 18, 94, 11, 12, 47, 25, 30, 46, 62, 69, 36, 61, 7, 63, 75, 5, 32, 4, 51, 48, 73, 93, 39, 67, 29, 49, 57, 33]
2025-04-09 17:23:10,302 [trainer.py] => All params: 21698400
2025-04-09 17:23:10,303 [trainer.py] => Trainable params: 21698400
2025-04-09 17:23:10,309 [fcs.py] => Learning on 0-50
2025-04-09 17:23:10,310 [fcs.py] => All params: 22429425
2025-04-09 17:23:10,310 [fcs.py] => Trainable params: 22429425
2025-04-09 17:23:36,870 [fcs.py] => Task 0, Epoch 1/101 => Loss 8.120, Loss_clf 7.529, Loss_fkd 0.000, Loss_proto 0.000, Loss_transfer 0.000, Loss_contrast 0.591, Train_accy 1.17, Test_accy 12.26
2025-04-09 17:24:01,616 [fcs.py] => Task 0, Epoch 2/101 => Loss 6.485, Loss_clf 5.919, Loss_fkd 0.000, Loss_proto 0.000, Loss_transfer 0.000, Loss_contrast 0.566, Train_accy 4.60
2025-04-09 17:24:25,917 [fcs.py] => Task 0, Epoch 3/101 => Loss 5.948, Loss_clf 5.424, Loss_fkd 0.000, Loss_proto 0.000, Loss_transfer 0.000, Loss_contrast 0.524, Train_accy 7.54
2025-04-09 17:24:50,276 [fcs.py] => Task 0, Epoch 4/101 => Loss 5.559, Loss_clf 5.064, Loss_fkd 0.000, Loss_proto 0.000, Loss_transfer 0.000, Loss_contrast 0.495, Train_accy 10.27
2025-04-09 17:25:14,702 [fcs.py] => Task 0, Epoch 5/101 => Loss 5.138, Loss_clf 4.675, Loss_fkd 0.000, Loss_proto 0.000, Loss_transfer 0.000, Loss_contrast 0.463, Train_accy 13.69
2025-04-09 17:25:39,631 [fcs.py] => Task 0, Epoch 6/101 => Loss 4.787, Loss_clf 4.344, Loss_fkd 0.000, Loss_proto 0.000, Loss_transfer 0.000, Loss_contrast 0.443, Train_accy 17.18, Test_accy 45.88
2025-04-09 17:26:04,181 [fcs.py] => Task 0, Epoch 7/101 => Loss 4.489, Loss_clf 4.066, Loss_fkd 0.000, Loss_proto 0.000, Loss_transfer 0.000, Loss_contrast 0.422, Train_accy 20.33
2025-04-09 17:26:28,788 [fcs.py] => Task 0, Epoch 8/101 => Loss 4.260, Loss_clf 3.852, Loss_fkd 0.000, Loss_proto 0.000, Loss_transfer 0.000, Loss_contrast 0.408, Train_accy 23.03
2025-04-09 17:26:53,089 [fcs.py] => Task 0, Epoch 9/101 => Loss 4.088, Loss_clf 3.690, Loss_fkd 0.000, Loss_proto 0.000, Loss_transfer 0.000, Loss_contrast 0.398, Train_accy 25.15
2025-04-09 17:27:17,437 [fcs.py] => Task 0, Epoch 10/101 => Loss 3.919, Loss_clf 3.532, Loss_fkd 0.000, Loss_proto 0.000, Loss_transfer 0.000, Loss_contrast 0.388, Train_accy 27.29
2025-04-09 17:27:42,303 [fcs.py] => Task 0, Epoch 11/101 => Loss 3.787, Loss_clf 3.403, Loss_fkd 0.000, Loss_proto 0.000, Loss_transfer 0.000, Loss_contrast 0.384, Train_accy 29.04, Test_accy 60.84
2025-04-09 17:28:07,015 [fcs.py] => Task 0, Epoch 12/101 => Loss 3.660, Loss_clf 3.285, Loss_fkd 0.000, Loss_proto 0.000, Loss_transfer 0.000, Loss_contrast 0.375, Train_accy 30.63
2025-04-09 17:28:31,348 [fcs.py] => Task 0, Epoch 13/101 => Loss 3.569, Loss_clf 3.196, Loss_fkd 0.000, Loss_proto 0.000, Loss_transfer 0.000, Loss_contrast 0.373, Train_accy 31.81
2025-04-09 17:28:55,578 [fcs.py] => Task 0, Epoch 14/101 => Loss 3.485, Loss_clf 3.118, Loss_fkd 0.000, Loss_proto 0.000, Loss_transfer 0.000, Loss_contrast 0.367, Train_accy 33.15
2025-04-09 17:29:19,902 [fcs.py] => Task 0, Epoch 15/101 => Loss 3.399, Loss_clf 3.033, Loss_fkd 0.000, Loss_proto 0.000, Loss_transfer 0.000, Loss_contrast 0.366, Train_accy 34.20
2025-04-09 17:29:44,860 [fcs.py] => Task 0, Epoch 16/101 => Loss 3.325, Loss_clf 2.961, Loss_fkd 0.000, Loss_proto 0.000, Loss_transfer 0.000, Loss_contrast 0.364, Train_accy 35.45, Test_accy 69.22
2025-04-09 17:30:09,403 [fcs.py] => Task 0, Epoch 17/101 => Loss 3.262, Loss_clf 2.903, Loss_fkd 0.000, Loss_proto 0.000, Loss_transfer 0.000, Loss_contrast 0.359, Train_accy 36.21
2025-04-09 17:30:33,701 [fcs.py] => Task 0, Epoch 18/101 => Loss 3.219, Loss_clf 2.858, Loss_fkd 0.000, Loss_proto 0.000, Loss_transfer 0.000, Loss_contrast 0.361, Train_accy 36.98
2025-04-09 17:30:57,997 [fcs.py] => Task 0, Epoch 19/101 => Loss 3.173, Loss_clf 2.816, Loss_fkd 0.000, Loss_proto 0.000, Loss_transfer 0.000, Loss_contrast 0.357, Train_accy 37.63
2025-04-09 17:31:22,165 [fcs.py] => Task 0, Epoch 20/101 => Loss 3.106, Loss_clf 2.752, Loss_fkd 0.000, Loss_proto 0.000, Loss_transfer 0.000, Loss_contrast 0.354, Train_accy 38.54
2025-04-09 17:31:47,176 [fcs.py] => Task 0, Epoch 21/101 => Loss 3.068, Loss_clf 2.715, Loss_fkd 0.000, Loss_proto 0.000, Loss_transfer 0.000, Loss_contrast 0.352, Train_accy 39.22, Test_accy 70.72
2025-04-09 17:32:11,749 [fcs.py] => Task 0, Epoch 22/101 => Loss 3.037, Loss_clf 2.685, Loss_fkd 0.000, Loss_proto 0.000, Loss_transfer 0.000, Loss_contrast 0.353, Train_accy 39.66
2025-04-09 17:32:35,812 [fcs.py] => Task 0, Epoch 23/101 => Loss 2.995, Loss_clf 2.644, Loss_fkd 0.000, Loss_proto 0.000, Loss_transfer 0.000, Loss_contrast 0.351, Train_accy 40.31
2025-04-09 17:32:59,908 [fcs.py] => Task 0, Epoch 24/101 => Loss 2.960, Loss_clf 2.610, Loss_fkd 0.000, Loss_proto 0.000, Loss_transfer 0.000, Loss_contrast 0.350, Train_accy 40.83
2025-04-09 17:33:24,088 [fcs.py] => Task 0, Epoch 25/101 => Loss 2.929, Loss_clf 2.580, Loss_fkd 0.000, Loss_proto 0.000, Loss_transfer 0.000, Loss_contrast 0.349, Train_accy 41.34
2025-04-09 17:33:48,894 [fcs.py] => Task 0, Epoch 26/101 => Loss 2.901, Loss_clf 2.553, Loss_fkd 0.000, Loss_proto 0.000, Loss_transfer 0.000, Loss_contrast 0.348, Train_accy 41.74, Test_accy 72.06
2025-04-09 17:34:13,330 [fcs.py] => Task 0, Epoch 27/101 => Loss 2.877, Loss_clf 2.529, Loss_fkd 0.000, Loss_proto 0.000, Loss_transfer 0.000, Loss_contrast 0.348, Train_accy 42.26
2025-04-09 17:34:38,039 [fcs.py] => Task 0, Epoch 28/101 => Loss 2.837, Loss_clf 2.493, Loss_fkd 0.000, Loss_proto 0.000, Loss_transfer 0.000, Loss_contrast 0.345, Train_accy 42.80
2025-04-09 17:35:02,294 [fcs.py] => Task 0, Epoch 29/101 => Loss 2.831, Loss_clf 2.484, Loss_fkd 0.000, Loss_proto 0.000, Loss_transfer 0.000, Loss_contrast 0.347, Train_accy 43.02
2025-04-09 17:35:26,598 [fcs.py] => Task 0, Epoch 30/101 => Loss 2.833, Loss_clf 2.487, Loss_fkd 0.000, Loss_proto 0.000, Loss_transfer 0.000, Loss_contrast 0.346, Train_accy 42.89
2025-04-09 17:35:51,191 [fcs.py] => Task 0, Epoch 31/101 => Loss 2.779, Loss_clf 2.437, Loss_fkd 0.000, Loss_proto 0.000, Loss_transfer 0.000, Loss_contrast 0.342, Train_accy 43.74, Test_accy 74.54
2025-04-09 17:36:15,259 [fcs.py] => Task 0, Epoch 32/101 => Loss 2.750, Loss_clf 2.407, Loss_fkd 0.000, Loss_proto 0.000, Loss_transfer 0.000, Loss_contrast 0.343, Train_accy 44.36
2025-04-09 17:36:39,246 [fcs.py] => Task 0, Epoch 33/101 => Loss 2.733, Loss_clf 2.390, Loss_fkd 0.000, Loss_proto 0.000, Loss_transfer 0.000, Loss_contrast 0.342, Train_accy 44.59
2025-04-09 17:37:03,542 [fcs.py] => Task 0, Epoch 34/101 => Loss 2.713, Loss_clf 2.371, Loss_fkd 0.000, Loss_proto 0.000, Loss_transfer 0.000, Loss_contrast 0.342, Train_accy 44.98
2025-04-09 17:37:27,490 [fcs.py] => Task 0, Epoch 35/101 => Loss 2.688, Loss_clf 2.346, Loss_fkd 0.000, Loss_proto 0.000, Loss_transfer 0.000, Loss_contrast 0.342, Train_accy 45.35
2025-04-09 17:37:52,109 [fcs.py] => Task 0, Epoch 36/101 => Loss 2.680, Loss_clf 2.337, Loss_fkd 0.000, Loss_proto 0.000, Loss_transfer 0.000, Loss_contrast 0.343, Train_accy 45.34, Test_accy 75.50
2025-04-09 17:38:16,267 [fcs.py] => Task 0, Epoch 37/101 => Loss 2.661, Loss_clf 2.320, Loss_fkd 0.000, Loss_proto 0.000, Loss_transfer 0.000, Loss_contrast 0.341, Train_accy 45.69
2025-04-09 17:38:40,329 [fcs.py] => Task 0, Epoch 38/101 => Loss 2.645, Loss_clf 2.303, Loss_fkd 0.000, Loss_proto 0.000, Loss_transfer 0.000, Loss_contrast 0.342, Train_accy 46.19
2025-04-09 17:39:04,305 [fcs.py] => Task 0, Epoch 39/101 => Loss 2.636, Loss_clf 2.293, Loss_fkd 0.000, Loss_proto 0.000, Loss_transfer 0.000, Loss_contrast 0.342, Train_accy 46.34
2025-04-09 17:39:28,521 [fcs.py] => Task 0, Epoch 40/101 => Loss 2.625, Loss_clf 2.283, Loss_fkd 0.000, Loss_proto 0.000, Loss_transfer 0.000, Loss_contrast 0.342, Train_accy 46.51
2025-04-09 17:39:53,021 [fcs.py] => Task 0, Epoch 41/101 => Loss 2.617, Loss_clf 2.277, Loss_fkd 0.000, Loss_proto 0.000, Loss_transfer 0.000, Loss_contrast 0.340, Train_accy 46.66, Test_accy 76.04
2025-04-09 17:40:17,286 [fcs.py] => Task 0, Epoch 42/101 => Loss 2.598, Loss_clf 2.257, Loss_fkd 0.000, Loss_proto 0.000, Loss_transfer 0.000, Loss_contrast 0.340, Train_accy 46.99
2025-04-09 17:40:41,651 [fcs.py] => Task 0, Epoch 43/101 => Loss 2.577, Loss_clf 2.236, Loss_fkd 0.000, Loss_proto 0.000, Loss_transfer 0.000, Loss_contrast 0.341, Train_accy 47.37
2025-04-09 17:41:05,663 [fcs.py] => Task 0, Epoch 44/101 => Loss 2.579, Loss_clf 2.238, Loss_fkd 0.000, Loss_proto 0.000, Loss_transfer 0.000, Loss_contrast 0.341, Train_accy 47.34
2025-04-09 17:41:29,711 [fcs.py] => Task 0, Epoch 45/101 => Loss 2.562, Loss_clf 2.222, Loss_fkd 0.000, Loss_proto 0.000, Loss_transfer 0.000, Loss_contrast 0.340, Train_accy 47.65
2025-04-09 17:41:54,200 [fcs.py] => Task 0, Epoch 46/101 => Loss 2.215, Loss_clf 1.886, Loss_fkd 0.000, Loss_proto 0.000, Loss_transfer 0.000, Loss_contrast 0.329, Train_accy 54.37, Test_accy 81.16
2025-04-09 17:42:18,500 [fcs.py] => Task 0, Epoch 47/101 => Loss 2.103, Loss_clf 1.777, Loss_fkd 0.000, Loss_proto 0.000, Loss_transfer 0.000, Loss_contrast 0.326, Train_accy 56.42
2025-04-09 17:42:42,729 [fcs.py] => Task 0, Epoch 48/101 => Loss 2.054, Loss_clf 1.729, Loss_fkd 0.000, Loss_proto 0.000, Loss_transfer 0.000, Loss_contrast 0.325, Train_accy 57.58
2025-04-09 17:43:06,806 [fcs.py] => Task 0, Epoch 49/101 => Loss 2.020, Loss_clf 1.693, Loss_fkd 0.000, Loss_proto 0.000, Loss_transfer 0.000, Loss_contrast 0.326, Train_accy 58.31
2025-04-09 17:43:42,828 [fcs.py] => Task 0, Epoch 50/101 => Loss 1.988, Loss_clf 1.664, Loss_fkd 0.000, Loss_proto 0.000, Loss_transfer 0.000, Loss_contrast 0.325, Train_accy 58.89
2025-04-09 17:45:03,765 [fcs.py] => Task 0, Epoch 51/101 => Loss 1.960, Loss_clf 1.636, Loss_fkd 0.000, Loss_proto 0.000, Loss_transfer 0.000, Loss_contrast 0.323, Train_accy 59.50, Test_accy 82.04
2025-04-09 17:46:23,909 [fcs.py] => Task 0, Epoch 52/101 => Loss 1.950, Loss_clf 1.626, Loss_fkd 0.000, Loss_proto 0.000, Loss_transfer 0.000, Loss_contrast 0.325, Train_accy 59.72
2025-04-09 17:47:44,132 [fcs.py] => Task 0, Epoch 53/101 => Loss 1.929, Loss_clf 1.604, Loss_fkd 0.000, Loss_proto 0.000, Loss_transfer 0.000, Loss_contrast 0.324, Train_accy 60.24
2025-04-09 17:49:04,465 [fcs.py] => Task 0, Epoch 54/101 => Loss 1.915, Loss_clf 1.592, Loss_fkd 0.000, Loss_proto 0.000, Loss_transfer 0.000, Loss_contrast 0.323, Train_accy 60.44
2025-04-09 17:50:24,664 [fcs.py] => Task 0, Epoch 55/101 => Loss 1.898, Loss_clf 1.576, Loss_fkd 0.000, Loss_proto 0.000, Loss_transfer 0.000, Loss_contrast 0.322, Train_accy 60.76
2025-04-09 17:51:45,787 [fcs.py] => Task 0, Epoch 56/101 => Loss 1.880, Loss_clf 1.559, Loss_fkd 0.000, Loss_proto 0.000, Loss_transfer 0.000, Loss_contrast 0.321, Train_accy 61.08, Test_accy 82.32
2025-04-09 17:53:06,190 [fcs.py] => Task 0, Epoch 57/101 => Loss 1.858, Loss_clf 1.536, Loss_fkd 0.000, Loss_proto 0.000, Loss_transfer 0.000, Loss_contrast 0.322, Train_accy 61.61
2025-04-09 17:54:26,286 [fcs.py] => Task 0, Epoch 58/101 => Loss 1.858, Loss_clf 1.536, Loss_fkd 0.000, Loss_proto 0.000, Loss_transfer 0.000, Loss_contrast 0.321, Train_accy 61.71
2025-04-09 17:55:46,603 [fcs.py] => Task 0, Epoch 59/101 => Loss 1.839, Loss_clf 1.519, Loss_fkd 0.000, Loss_proto 0.000, Loss_transfer 0.000, Loss_contrast 0.321, Train_accy 62.04
2025-04-09 17:57:06,804 [fcs.py] => Task 0, Epoch 60/101 => Loss 1.823, Loss_clf 1.502, Loss_fkd 0.000, Loss_proto 0.000, Loss_transfer 0.000, Loss_contrast 0.321, Train_accy 62.48
2025-04-09 17:58:27,843 [fcs.py] => Task 0, Epoch 61/101 => Loss 1.813, Loss_clf 1.492, Loss_fkd 0.000, Loss_proto 0.000, Loss_transfer 0.000, Loss_contrast 0.321, Train_accy 62.44, Test_accy 82.56
2025-04-09 17:59:48,136 [fcs.py] => Task 0, Epoch 62/101 => Loss 1.805, Loss_clf 1.484, Loss_fkd 0.000, Loss_proto 0.000, Loss_transfer 0.000, Loss_contrast 0.321, Train_accy 62.71
2025-04-09 18:01:08,363 [fcs.py] => Task 0, Epoch 63/101 => Loss 1.795, Loss_clf 1.474, Loss_fkd 0.000, Loss_proto 0.000, Loss_transfer 0.000, Loss_contrast 0.321, Train_accy 62.99
2025-04-09 18:02:28,574 [fcs.py] => Task 0, Epoch 64/101 => Loss 1.789, Loss_clf 1.468, Loss_fkd 0.000, Loss_proto 0.000, Loss_transfer 0.000, Loss_contrast 0.321, Train_accy 63.14
2025-04-09 18:03:48,723 [fcs.py] => Task 0, Epoch 65/101 => Loss 1.768, Loss_clf 1.447, Loss_fkd 0.000, Loss_proto 0.000, Loss_transfer 0.000, Loss_contrast 0.321, Train_accy 63.64
2025-04-09 18:05:09,707 [fcs.py] => Task 0, Epoch 66/101 => Loss 1.767, Loss_clf 1.447, Loss_fkd 0.000, Loss_proto 0.000, Loss_transfer 0.000, Loss_contrast 0.320, Train_accy 63.62, Test_accy 82.72
2025-04-09 18:06:29,887 [fcs.py] => Task 0, Epoch 67/101 => Loss 1.751, Loss_clf 1.430, Loss_fkd 0.000, Loss_proto 0.000, Loss_transfer 0.000, Loss_contrast 0.321, Train_accy 64.04
2025-04-09 18:07:50,070 [fcs.py] => Task 0, Epoch 68/101 => Loss 1.745, Loss_clf 1.425, Loss_fkd 0.000, Loss_proto 0.000, Loss_transfer 0.000, Loss_contrast 0.320, Train_accy 64.18
2025-04-09 18:09:10,273 [fcs.py] => Task 0, Epoch 69/101 => Loss 1.739, Loss_clf 1.419, Loss_fkd 0.000, Loss_proto 0.000, Loss_transfer 0.000, Loss_contrast 0.321, Train_accy 64.27
2025-04-09 18:10:30,452 [fcs.py] => Task 0, Epoch 70/101 => Loss 1.727, Loss_clf 1.406, Loss_fkd 0.000, Loss_proto 0.000, Loss_transfer 0.000, Loss_contrast 0.320, Train_accy 64.51
2025-04-09 18:11:51,489 [fcs.py] => Task 0, Epoch 71/101 => Loss 1.719, Loss_clf 1.399, Loss_fkd 0.000, Loss_proto 0.000, Loss_transfer 0.000, Loss_contrast 0.320, Train_accy 64.58, Test_accy 82.80
2025-04-09 18:13:11,849 [fcs.py] => Task 0, Epoch 72/101 => Loss 1.709, Loss_clf 1.389, Loss_fkd 0.000, Loss_proto 0.000, Loss_transfer 0.000, Loss_contrast 0.319, Train_accy 64.97
2025-04-09 18:14:32,270 [fcs.py] => Task 0, Epoch 73/101 => Loss 1.701, Loss_clf 1.382, Loss_fkd 0.000, Loss_proto 0.000, Loss_transfer 0.000, Loss_contrast 0.319, Train_accy 65.14
2025-04-09 18:15:52,784 [fcs.py] => Task 0, Epoch 74/101 => Loss 1.699, Loss_clf 1.378, Loss_fkd 0.000, Loss_proto 0.000, Loss_transfer 0.000, Loss_contrast 0.321, Train_accy 65.07
2025-04-09 18:17:13,363 [fcs.py] => Task 0, Epoch 75/101 => Loss 1.686, Loss_clf 1.365, Loss_fkd 0.000, Loss_proto 0.000, Loss_transfer 0.000, Loss_contrast 0.321, Train_accy 65.35
2025-04-09 18:18:30,835 [fcs.py] => Task 0, Epoch 76/101 => Loss 1.688, Loss_clf 1.366, Loss_fkd 0.000, Loss_proto 0.000, Loss_transfer 0.000, Loss_contrast 0.322, Train_accy 65.35, Test_accy 83.26
2025-04-09 18:19:41,856 [fcs.py] => Task 0, Epoch 77/101 => Loss 1.672, Loss_clf 1.352, Loss_fkd 0.000, Loss_proto 0.000, Loss_transfer 0.000, Loss_contrast 0.320, Train_accy 65.74
2025-04-09 18:20:59,537 [fcs.py] => Task 0, Epoch 78/101 => Loss 1.664, Loss_clf 1.344, Loss_fkd 0.000, Loss_proto 0.000, Loss_transfer 0.000, Loss_contrast 0.320, Train_accy 65.93
2025-04-09 18:22:19,929 [fcs.py] => Task 0, Epoch 79/101 => Loss 1.661, Loss_clf 1.341, Loss_fkd 0.000, Loss_proto 0.000, Loss_transfer 0.000, Loss_contrast 0.320, Train_accy 66.07
2025-04-09 18:23:40,305 [fcs.py] => Task 0, Epoch 80/101 => Loss 1.661, Loss_clf 1.340, Loss_fkd 0.000, Loss_proto 0.000, Loss_transfer 0.000, Loss_contrast 0.321, Train_accy 65.91
2025-04-09 18:25:01,522 [fcs.py] => Task 0, Epoch 81/101 => Loss 1.641, Loss_clf 1.322, Loss_fkd 0.000, Loss_proto 0.000, Loss_transfer 0.000, Loss_contrast 0.319, Train_accy 66.37, Test_accy 83.16
2025-04-09 18:26:21,870 [fcs.py] => Task 0, Epoch 82/101 => Loss 1.645, Loss_clf 1.323, Loss_fkd 0.000, Loss_proto 0.000, Loss_transfer 0.000, Loss_contrast 0.321, Train_accy 66.44
2025-04-09 18:27:42,143 [fcs.py] => Task 0, Epoch 83/101 => Loss 1.633, Loss_clf 1.314, Loss_fkd 0.000, Loss_proto 0.000, Loss_transfer 0.000, Loss_contrast 0.319, Train_accy 66.71
2025-04-09 18:29:02,722 [fcs.py] => Task 0, Epoch 84/101 => Loss 1.631, Loss_clf 1.310, Loss_fkd 0.000, Loss_proto 0.000, Loss_transfer 0.000, Loss_contrast 0.320, Train_accy 66.70
2025-04-09 18:30:23,217 [fcs.py] => Task 0, Epoch 85/101 => Loss 1.620, Loss_clf 1.301, Loss_fkd 0.000, Loss_proto 0.000, Loss_transfer 0.000, Loss_contrast 0.319, Train_accy 66.85
2025-04-09 18:31:40,004 [trainer.py] => config: ./exps/fcs/cifar100/5/first_stage.json
2025-04-09 18:31:40,004 [trainer.py] => prefix: cil
2025-04-09 18:31:40,004 [trainer.py] => dataset: cifar100
2025-04-09 18:31:40,004 [trainer.py] => memory_size: 0
2025-04-09 18:31:40,004 [trainer.py] => shuffle: True
2025-04-09 18:31:40,004 [trainer.py] => init_cls: 50
2025-04-09 18:31:40,004 [trainer.py] => increment: 10
2025-04-09 18:31:40,004 [trainer.py] => model_name: fcs
2025-04-09 18:31:40,004 [trainer.py] => convnet_type: resnet34_cbam
2025-04-09 18:31:40,004 [trainer.py] => device: [device(type='cuda', index=0)]
2025-04-09 18:31:40,004 [trainer.py] => seed: 1993
2025-04-09 18:31:40,004 [trainer.py] => lambda_fkd: 10
2025-04-09 18:31:40,004 [trainer.py] => ckpt_num: 0
2025-04-09 18:31:40,004 [trainer.py] => ckpt_path: 
2025-04-09 18:31:40,004 [trainer.py] => contrast_T: 0.07
2025-04-09 18:31:40,004 [trainer.py] => lambda_contrast: 0.1
2025-04-09 18:31:40,004 [trainer.py] => lambda_proto: 10
2025-04-09 18:31:40,004 [trainer.py] => lambda_transfer: 1
2025-04-09 18:31:40,004 [trainer.py] => temp: 0.1
2025-04-09 18:31:40,004 [trainer.py] => epochs: 101
2025-04-09 18:31:40,004 [trainer.py] => lr: 0.001
2025-04-09 18:31:40,004 [trainer.py] => batch_size: 64
2025-04-09 18:31:40,005 [trainer.py] => weight_decay: 0.0002
2025-04-09 18:31:40,005 [trainer.py] => step_size: 45
2025-04-09 18:31:40,005 [trainer.py] => gamma: 0.1
2025-04-09 18:31:40,005 [trainer.py] => num_workers: 8
2025-04-09 18:31:40,005 [trainer.py] => is_task0: True
2025-04-09 18:31:40,005 [trainer.py] => log_dir: logs
2025-04-09 18:31:40,005 [trainer.py] => log_name: first_stage
2025-04-09 18:31:42,894 [data_manager.py] => [68, 56, 78, 8, 23, 84, 90, 65, 74, 76, 40, 89, 3, 92, 55, 9, 26, 80, 43, 38, 58, 70, 77, 1, 85, 19, 17, 50, 28, 53, 13, 81, 45, 82, 6, 59, 83, 16, 15, 44, 91, 41, 72, 60, 79, 52, 20, 10, 31, 54, 37, 95, 14, 71, 96, 98, 97, 2, 64, 66, 42, 22, 35, 86, 24, 34, 87, 21, 99, 0, 88, 27, 18, 94, 11, 12, 47, 25, 30, 46, 62, 69, 36, 61, 7, 63, 75, 5, 32, 4, 51, 48, 73, 93, 39, 67, 29, 49, 57, 33]
2025-04-09 18:31:43,668 [trainer.py] => All params: 21698400
2025-04-09 18:31:43,669 [trainer.py] => Trainable params: 21698400
2025-04-09 18:31:43,681 [fcs.py] => Learning on 0-50
2025-04-09 18:31:43,681 [fcs.py] => All params: 22429425
2025-04-09 18:31:43,682 [fcs.py] => Trainable params: 22429425
2025-04-09 18:31:44,401 [fcs.py] => Task 0, Epoch 86/101 => Loss 1.614, Loss_clf 1.294, Loss_fkd 0.000, Loss_proto 0.000, Loss_transfer 0.000, Loss_contrast 0.320, Train_accy 67.15, Test_accy 82.82
2025-04-09 18:33:31,788 [fcs.py] => Task 0, Epoch 87/101 => Loss 1.615, Loss_clf 1.295, Loss_fkd 0.000, Loss_proto 0.000, Loss_transfer 0.000, Loss_contrast 0.321, Train_accy 67.17
2025-04-09 18:33:36,709 [fcs.py] => Task 0, Epoch 1/101 => Loss 8.120, Loss_clf 7.529, Loss_fkd 0.000, Loss_proto 0.000, Loss_transfer 0.000, Loss_contrast 0.591, Train_accy 1.17, Test_accy 12.26
2025-04-09 18:35:19,191 [fcs.py] => Task 0, Epoch 88/101 => Loss 1.604, Loss_clf 1.285, Loss_fkd 0.000, Loss_proto 0.000, Loss_transfer 0.000, Loss_contrast 0.319, Train_accy 67.24
2025-04-09 18:35:24,157 [fcs.py] => Task 0, Epoch 2/101 => Loss 6.485, Loss_clf 5.919, Loss_fkd 0.000, Loss_proto 0.000, Loss_transfer 0.000, Loss_contrast 0.566, Train_accy 4.60
2025-04-09 18:37:06,411 [fcs.py] => Task 0, Epoch 89/101 => Loss 1.599, Loss_clf 1.279, Loss_fkd 0.000, Loss_proto 0.000, Loss_transfer 0.000, Loss_contrast 0.321, Train_accy 67.53
2025-04-09 18:37:11,535 [fcs.py] => Task 0, Epoch 3/101 => Loss 5.948, Loss_clf 5.424, Loss_fkd 0.000, Loss_proto 0.000, Loss_transfer 0.000, Loss_contrast 0.524, Train_accy 7.54
2025-04-09 18:38:54,337 [fcs.py] => Task 0, Epoch 90/101 => Loss 1.599, Loss_clf 1.278, Loss_fkd 0.000, Loss_proto 0.000, Loss_transfer 0.000, Loss_contrast 0.321, Train_accy 67.42
2025-04-09 18:38:59,559 [fcs.py] => Task 0, Epoch 4/101 => Loss 5.559, Loss_clf 5.064, Loss_fkd 0.000, Loss_proto 0.000, Loss_transfer 0.000, Loss_contrast 0.495, Train_accy 10.27
2025-04-09 18:40:43,284 [fcs.py] => Task 0, Epoch 91/101 => Loss 1.541, Loss_clf 1.221, Loss_fkd 0.000, Loss_proto 0.000, Loss_transfer 0.000, Loss_contrast 0.319, Train_accy 68.93, Test_accy 83.68
2025-04-09 18:40:47,530 [fcs.py] => Task 0, Epoch 5/101 => Loss 5.138, Loss_clf 4.675, Loss_fkd 0.000, Loss_proto 0.000, Loss_transfer 0.000, Loss_contrast 0.463, Train_accy 13.69
2025-04-09 18:42:31,523 [fcs.py] => Task 0, Epoch 92/101 => Loss 1.518, Loss_clf 1.200, Loss_fkd 0.000, Loss_proto 0.000, Loss_transfer 0.000, Loss_contrast 0.318, Train_accy 69.35
2025-04-09 18:42:36,979 [fcs.py] => Task 0, Epoch 6/101 => Loss 4.787, Loss_clf 4.344, Loss_fkd 0.000, Loss_proto 0.000, Loss_transfer 0.000, Loss_contrast 0.443, Train_accy 17.18, Test_accy 45.88
2025-04-09 18:44:19,204 [fcs.py] => Task 0, Epoch 93/101 => Loss 1.513, Loss_clf 1.195, Loss_fkd 0.000, Loss_proto 0.000, Loss_transfer 0.000, Loss_contrast 0.318, Train_accy 69.55
2025-04-09 18:44:24,890 [fcs.py] => Task 0, Epoch 7/101 => Loss 4.489, Loss_clf 4.066, Loss_fkd 0.000, Loss_proto 0.000, Loss_transfer 0.000, Loss_contrast 0.422, Train_accy 20.33
2025-04-09 18:46:07,627 [fcs.py] => Task 0, Epoch 94/101 => Loss 1.508, Loss_clf 1.189, Loss_fkd 0.000, Loss_proto 0.000, Loss_transfer 0.000, Loss_contrast 0.319, Train_accy 69.71
2025-04-09 18:46:13,422 [fcs.py] => Task 0, Epoch 8/101 => Loss 4.260, Loss_clf 3.852, Loss_fkd 0.000, Loss_proto 0.000, Loss_transfer 0.000, Loss_contrast 0.408, Train_accy 23.03
2025-04-09 18:47:55,149 [fcs.py] => Task 0, Epoch 95/101 => Loss 1.503, Loss_clf 1.186, Loss_fkd 0.000, Loss_proto 0.000, Loss_transfer 0.000, Loss_contrast 0.317, Train_accy 69.81
2025-04-09 18:48:01,088 [fcs.py] => Task 0, Epoch 9/101 => Loss 4.088, Loss_clf 3.690, Loss_fkd 0.000, Loss_proto 0.000, Loss_transfer 0.000, Loss_contrast 0.398, Train_accy 25.15
2025-04-09 18:49:43,417 [fcs.py] => Task 0, Epoch 96/101 => Loss 1.496, Loss_clf 1.178, Loss_fkd 0.000, Loss_proto 0.000, Loss_transfer 0.000, Loss_contrast 0.318, Train_accy 69.92, Test_accy 83.90
2025-04-09 18:49:48,815 [fcs.py] => Task 0, Epoch 10/101 => Loss 3.919, Loss_clf 3.532, Loss_fkd 0.000, Loss_proto 0.000, Loss_transfer 0.000, Loss_contrast 0.388, Train_accy 27.29
2025-04-09 18:51:31,162 [fcs.py] => Task 0, Epoch 97/101 => Loss 1.502, Loss_clf 1.183, Loss_fkd 0.000, Loss_proto 0.000, Loss_transfer 0.000, Loss_contrast 0.319, Train_accy 69.92
2025-04-09 18:51:37,604 [fcs.py] => Task 0, Epoch 11/101 => Loss 3.787, Loss_clf 3.403, Loss_fkd 0.000, Loss_proto 0.000, Loss_transfer 0.000, Loss_contrast 0.384, Train_accy 29.04, Test_accy 60.84
2025-04-09 18:53:18,918 [fcs.py] => Task 0, Epoch 98/101 => Loss 1.496, Loss_clf 1.177, Loss_fkd 0.000, Loss_proto 0.000, Loss_transfer 0.000, Loss_contrast 0.319, Train_accy 70.10
2025-04-09 18:53:25,505 [fcs.py] => Task 0, Epoch 12/101 => Loss 3.660, Loss_clf 3.285, Loss_fkd 0.000, Loss_proto 0.000, Loss_transfer 0.000, Loss_contrast 0.375, Train_accy 30.63
2025-04-09 18:55:07,480 [fcs.py] => Task 0, Epoch 99/101 => Loss 1.486, Loss_clf 1.168, Loss_fkd 0.000, Loss_proto 0.000, Loss_transfer 0.000, Loss_contrast 0.318, Train_accy 70.22
2025-04-09 18:55:13,402 [fcs.py] => Task 0, Epoch 13/101 => Loss 3.569, Loss_clf 3.196, Loss_fkd 0.000, Loss_proto 0.000, Loss_transfer 0.000, Loss_contrast 0.373, Train_accy 31.81
2025-04-09 18:56:55,151 [fcs.py] => Task 0, Epoch 100/101 => Loss 1.485, Loss_clf 1.167, Loss_fkd 0.000, Loss_proto 0.000, Loss_transfer 0.000, Loss_contrast 0.318, Train_accy 70.32
2025-04-09 18:57:01,274 [fcs.py] => Task 0, Epoch 14/101 => Loss 3.485, Loss_clf 3.118, Loss_fkd 0.000, Loss_proto 0.000, Loss_transfer 0.000, Loss_contrast 0.367, Train_accy 33.15
2025-04-09 18:58:43,634 [fcs.py] => Task 0, Epoch 101/101 => Loss 1.492, Loss_clf 1.173, Loss_fkd 0.000, Loss_proto 0.000, Loss_transfer 0.000, Loss_contrast 0.319, Train_accy 70.24, Test_accy 83.76
2025-04-09 18:58:48,093 [fcs.py] => Task 0, Epoch 15/101 => Loss 3.399, Loss_clf 3.033, Loss_fkd 0.000, Loss_proto 0.000, Loss_transfer 0.000, Loss_contrast 0.366, Train_accy 34.20
2025-04-09 18:58:57,929 [trainer.py] => CNN: {'total': 83.76, '00-09': 86.7, '10-19': 79.8, '20-29': 86.5, '30-39': 81.1, '40-49': 84.7, 'old': 0, 'new': 83.76}
2025-04-09 18:58:57,930 [trainer.py] => NME: {'total': 80.84, '00-09': 82.0, '10-19': 73.5, '20-29': 85.6, '30-39': 78.9, '40-49': 84.2, 'old': 0, 'new': 80.84}
2025-04-09 18:58:57,930 [trainer.py] => CNN top1 curve: [83.76]
2025-04-09 18:58:57,930 [trainer.py] => CNN top5 curve: [97.34]
2025-04-09 19:00:11,616 [fcs.py] => Task 0, Epoch 16/101 => Loss 3.325, Loss_clf 2.961, Loss_fkd 0.000, Loss_proto 0.000, Loss_transfer 0.000, Loss_contrast 0.364, Train_accy 35.45, Test_accy 69.22
2025-04-09 19:01:28,102 [fcs.py] => Task 0, Epoch 17/101 => Loss 3.262, Loss_clf 2.903, Loss_fkd 0.000, Loss_proto 0.000, Loss_transfer 0.000, Loss_contrast 0.359, Train_accy 36.21
2025-04-09 19:02:42,400 [fcs.py] => Task 0, Epoch 18/101 => Loss 3.219, Loss_clf 2.858, Loss_fkd 0.000, Loss_proto 0.000, Loss_transfer 0.000, Loss_contrast 0.361, Train_accy 36.98
2025-04-09 19:04:02,674 [fcs.py] => Task 0, Epoch 19/101 => Loss 3.173, Loss_clf 2.816, Loss_fkd 0.000, Loss_proto 0.000, Loss_transfer 0.000, Loss_contrast 0.357, Train_accy 37.63
2025-04-09 19:05:23,106 [fcs.py] => Task 0, Epoch 20/101 => Loss 3.106, Loss_clf 2.752, Loss_fkd 0.000, Loss_proto 0.000, Loss_transfer 0.000, Loss_contrast 0.354, Train_accy 38.54
2025-04-09 19:06:44,225 [fcs.py] => Task 0, Epoch 21/101 => Loss 3.068, Loss_clf 2.715, Loss_fkd 0.000, Loss_proto 0.000, Loss_transfer 0.000, Loss_contrast 0.352, Train_accy 39.22, Test_accy 70.72
2025-04-09 19:08:04,855 [fcs.py] => Task 0, Epoch 22/101 => Loss 3.037, Loss_clf 2.685, Loss_fkd 0.000, Loss_proto 0.000, Loss_transfer 0.000, Loss_contrast 0.353, Train_accy 39.66
2025-04-09 19:09:25,130 [fcs.py] => Task 0, Epoch 23/101 => Loss 2.995, Loss_clf 2.644, Loss_fkd 0.000, Loss_proto 0.000, Loss_transfer 0.000, Loss_contrast 0.351, Train_accy 40.31
2025-04-09 19:10:45,459 [fcs.py] => Task 0, Epoch 24/101 => Loss 2.960, Loss_clf 2.610, Loss_fkd 0.000, Loss_proto 0.000, Loss_transfer 0.000, Loss_contrast 0.350, Train_accy 40.83
2025-04-09 19:12:05,879 [fcs.py] => Task 0, Epoch 25/101 => Loss 2.929, Loss_clf 2.580, Loss_fkd 0.000, Loss_proto 0.000, Loss_transfer 0.000, Loss_contrast 0.349, Train_accy 41.34
2025-04-09 19:13:26,896 [fcs.py] => Task 0, Epoch 26/101 => Loss 2.901, Loss_clf 2.553, Loss_fkd 0.000, Loss_proto 0.000, Loss_transfer 0.000, Loss_contrast 0.348, Train_accy 41.74, Test_accy 72.06
2025-04-09 19:14:47,036 [fcs.py] => Task 0, Epoch 27/101 => Loss 2.877, Loss_clf 2.529, Loss_fkd 0.000, Loss_proto 0.000, Loss_transfer 0.000, Loss_contrast 0.348, Train_accy 42.26
2025-04-09 19:16:07,409 [fcs.py] => Task 0, Epoch 28/101 => Loss 2.837, Loss_clf 2.493, Loss_fkd 0.000, Loss_proto 0.000, Loss_transfer 0.000, Loss_contrast 0.345, Train_accy 42.80
2025-04-09 19:17:27,457 [fcs.py] => Task 0, Epoch 29/101 => Loss 2.831, Loss_clf 2.484, Loss_fkd 0.000, Loss_proto 0.000, Loss_transfer 0.000, Loss_contrast 0.347, Train_accy 43.02
2025-04-09 19:18:47,745 [fcs.py] => Task 0, Epoch 30/101 => Loss 2.833, Loss_clf 2.487, Loss_fkd 0.000, Loss_proto 0.000, Loss_transfer 0.000, Loss_contrast 0.346, Train_accy 42.89
2025-04-09 19:20:08,797 [fcs.py] => Task 0, Epoch 31/101 => Loss 2.779, Loss_clf 2.437, Loss_fkd 0.000, Loss_proto 0.000, Loss_transfer 0.000, Loss_contrast 0.342, Train_accy 43.74, Test_accy 74.54
2025-04-09 19:21:29,009 [fcs.py] => Task 0, Epoch 32/101 => Loss 2.750, Loss_clf 2.407, Loss_fkd 0.000, Loss_proto 0.000, Loss_transfer 0.000, Loss_contrast 0.343, Train_accy 44.36
2025-04-09 19:22:49,132 [fcs.py] => Task 0, Epoch 33/101 => Loss 2.733, Loss_clf 2.390, Loss_fkd 0.000, Loss_proto 0.000, Loss_transfer 0.000, Loss_contrast 0.342, Train_accy 44.59
2025-04-09 19:24:09,490 [fcs.py] => Task 0, Epoch 34/101 => Loss 2.713, Loss_clf 2.371, Loss_fkd 0.000, Loss_proto 0.000, Loss_transfer 0.000, Loss_contrast 0.342, Train_accy 44.98
2025-04-09 19:25:29,771 [fcs.py] => Task 0, Epoch 35/101 => Loss 2.688, Loss_clf 2.346, Loss_fkd 0.000, Loss_proto 0.000, Loss_transfer 0.000, Loss_contrast 0.342, Train_accy 45.35
2025-04-09 19:26:50,886 [fcs.py] => Task 0, Epoch 36/101 => Loss 2.680, Loss_clf 2.337, Loss_fkd 0.000, Loss_proto 0.000, Loss_transfer 0.000, Loss_contrast 0.343, Train_accy 45.34, Test_accy 75.50
2025-04-09 19:28:11,060 [fcs.py] => Task 0, Epoch 37/101 => Loss 2.661, Loss_clf 2.320, Loss_fkd 0.000, Loss_proto 0.000, Loss_transfer 0.000, Loss_contrast 0.341, Train_accy 45.69
2025-04-09 19:29:31,239 [fcs.py] => Task 0, Epoch 38/101 => Loss 2.645, Loss_clf 2.303, Loss_fkd 0.000, Loss_proto 0.000, Loss_transfer 0.000, Loss_contrast 0.342, Train_accy 46.19
2025-04-09 19:30:51,372 [fcs.py] => Task 0, Epoch 39/101 => Loss 2.636, Loss_clf 2.293, Loss_fkd 0.000, Loss_proto 0.000, Loss_transfer 0.000, Loss_contrast 0.342, Train_accy 46.34
2025-04-09 19:32:11,545 [fcs.py] => Task 0, Epoch 40/101 => Loss 2.625, Loss_clf 2.283, Loss_fkd 0.000, Loss_proto 0.000, Loss_transfer 0.000, Loss_contrast 0.342, Train_accy 46.51
2025-04-09 19:33:32,616 [fcs.py] => Task 0, Epoch 41/101 => Loss 2.617, Loss_clf 2.277, Loss_fkd 0.000, Loss_proto 0.000, Loss_transfer 0.000, Loss_contrast 0.340, Train_accy 46.66, Test_accy 76.04
2025-04-09 19:34:52,855 [fcs.py] => Task 0, Epoch 42/101 => Loss 2.598, Loss_clf 2.257, Loss_fkd 0.000, Loss_proto 0.000, Loss_transfer 0.000, Loss_contrast 0.340, Train_accy 46.99
2025-04-09 19:36:13,030 [fcs.py] => Task 0, Epoch 43/101 => Loss 2.577, Loss_clf 2.236, Loss_fkd 0.000, Loss_proto 0.000, Loss_transfer 0.000, Loss_contrast 0.341, Train_accy 47.37
2025-04-09 19:37:30,196 [fcs.py] => Task 0, Epoch 44/101 => Loss 2.579, Loss_clf 2.238, Loss_fkd 0.000, Loss_proto 0.000, Loss_transfer 0.000, Loss_contrast 0.341, Train_accy 47.34
2025-04-09 19:38:44,395 [fcs.py] => Task 0, Epoch 45/101 => Loss 2.562, Loss_clf 2.222, Loss_fkd 0.000, Loss_proto 0.000, Loss_transfer 0.000, Loss_contrast 0.340, Train_accy 47.65
2025-04-09 19:40:04,781 [fcs.py] => Task 0, Epoch 46/101 => Loss 2.215, Loss_clf 1.886, Loss_fkd 0.000, Loss_proto 0.000, Loss_transfer 0.000, Loss_contrast 0.329, Train_accy 54.37, Test_accy 81.16
2025-04-09 19:41:25,032 [fcs.py] => Task 0, Epoch 47/101 => Loss 2.103, Loss_clf 1.777, Loss_fkd 0.000, Loss_proto 0.000, Loss_transfer 0.000, Loss_contrast 0.326, Train_accy 56.42
2025-04-09 19:42:45,308 [fcs.py] => Task 0, Epoch 48/101 => Loss 2.054, Loss_clf 1.729, Loss_fkd 0.000, Loss_proto 0.000, Loss_transfer 0.000, Loss_contrast 0.325, Train_accy 57.58
2025-04-09 19:44:05,544 [fcs.py] => Task 0, Epoch 49/101 => Loss 2.020, Loss_clf 1.693, Loss_fkd 0.000, Loss_proto 0.000, Loss_transfer 0.000, Loss_contrast 0.326, Train_accy 58.31
2025-04-09 19:45:25,741 [fcs.py] => Task 0, Epoch 50/101 => Loss 1.988, Loss_clf 1.664, Loss_fkd 0.000, Loss_proto 0.000, Loss_transfer 0.000, Loss_contrast 0.325, Train_accy 58.89
2025-04-09 19:46:46,769 [fcs.py] => Task 0, Epoch 51/101 => Loss 1.960, Loss_clf 1.636, Loss_fkd 0.000, Loss_proto 0.000, Loss_transfer 0.000, Loss_contrast 0.323, Train_accy 59.50, Test_accy 82.04
2025-04-09 19:48:06,857 [fcs.py] => Task 0, Epoch 52/101 => Loss 1.950, Loss_clf 1.626, Loss_fkd 0.000, Loss_proto 0.000, Loss_transfer 0.000, Loss_contrast 0.325, Train_accy 59.72
2025-04-09 19:49:26,958 [fcs.py] => Task 0, Epoch 53/101 => Loss 1.929, Loss_clf 1.604, Loss_fkd 0.000, Loss_proto 0.000, Loss_transfer 0.000, Loss_contrast 0.324, Train_accy 60.24
2025-04-09 19:50:47,080 [fcs.py] => Task 0, Epoch 54/101 => Loss 1.915, Loss_clf 1.592, Loss_fkd 0.000, Loss_proto 0.000, Loss_transfer 0.000, Loss_contrast 0.323, Train_accy 60.44
2025-04-09 19:52:07,239 [fcs.py] => Task 0, Epoch 55/101 => Loss 1.898, Loss_clf 1.576, Loss_fkd 0.000, Loss_proto 0.000, Loss_transfer 0.000, Loss_contrast 0.322, Train_accy 60.76
2025-04-09 19:53:28,337 [fcs.py] => Task 0, Epoch 56/101 => Loss 1.880, Loss_clf 1.559, Loss_fkd 0.000, Loss_proto 0.000, Loss_transfer 0.000, Loss_contrast 0.321, Train_accy 61.08, Test_accy 82.32
2025-04-09 19:54:48,530 [fcs.py] => Task 0, Epoch 57/101 => Loss 1.858, Loss_clf 1.536, Loss_fkd 0.000, Loss_proto 0.000, Loss_transfer 0.000, Loss_contrast 0.322, Train_accy 61.61
2025-04-09 19:56:08,723 [fcs.py] => Task 0, Epoch 58/101 => Loss 1.858, Loss_clf 1.536, Loss_fkd 0.000, Loss_proto 0.000, Loss_transfer 0.000, Loss_contrast 0.321, Train_accy 61.71
2025-04-09 19:57:28,758 [fcs.py] => Task 0, Epoch 59/101 => Loss 1.839, Loss_clf 1.519, Loss_fkd 0.000, Loss_proto 0.000, Loss_transfer 0.000, Loss_contrast 0.321, Train_accy 62.04
2025-04-09 19:58:49,002 [fcs.py] => Task 0, Epoch 60/101 => Loss 1.823, Loss_clf 1.502, Loss_fkd 0.000, Loss_proto 0.000, Loss_transfer 0.000, Loss_contrast 0.321, Train_accy 62.48
2025-04-09 20:00:10,061 [fcs.py] => Task 0, Epoch 61/101 => Loss 1.813, Loss_clf 1.492, Loss_fkd 0.000, Loss_proto 0.000, Loss_transfer 0.000, Loss_contrast 0.321, Train_accy 62.44, Test_accy 82.56
2025-04-09 20:01:30,204 [fcs.py] => Task 0, Epoch 62/101 => Loss 1.805, Loss_clf 1.484, Loss_fkd 0.000, Loss_proto 0.000, Loss_transfer 0.000, Loss_contrast 0.321, Train_accy 62.71
2025-04-09 20:02:50,384 [fcs.py] => Task 0, Epoch 63/101 => Loss 1.795, Loss_clf 1.474, Loss_fkd 0.000, Loss_proto 0.000, Loss_transfer 0.000, Loss_contrast 0.321, Train_accy 62.99
2025-04-09 20:04:10,537 [fcs.py] => Task 0, Epoch 64/101 => Loss 1.789, Loss_clf 1.468, Loss_fkd 0.000, Loss_proto 0.000, Loss_transfer 0.000, Loss_contrast 0.321, Train_accy 63.14
2025-04-09 20:05:30,787 [fcs.py] => Task 0, Epoch 65/101 => Loss 1.768, Loss_clf 1.447, Loss_fkd 0.000, Loss_proto 0.000, Loss_transfer 0.000, Loss_contrast 0.321, Train_accy 63.64
2025-04-09 20:06:51,700 [fcs.py] => Task 0, Epoch 66/101 => Loss 1.767, Loss_clf 1.447, Loss_fkd 0.000, Loss_proto 0.000, Loss_transfer 0.000, Loss_contrast 0.320, Train_accy 63.62, Test_accy 82.72
2025-04-09 20:08:11,703 [fcs.py] => Task 0, Epoch 67/101 => Loss 1.751, Loss_clf 1.430, Loss_fkd 0.000, Loss_proto 0.000, Loss_transfer 0.000, Loss_contrast 0.321, Train_accy 64.04
2025-04-09 20:09:31,904 [fcs.py] => Task 0, Epoch 68/101 => Loss 1.745, Loss_clf 1.425, Loss_fkd 0.000, Loss_proto 0.000, Loss_transfer 0.000, Loss_contrast 0.320, Train_accy 64.18
2025-04-09 20:10:52,195 [fcs.py] => Task 0, Epoch 69/101 => Loss 1.739, Loss_clf 1.419, Loss_fkd 0.000, Loss_proto 0.000, Loss_transfer 0.000, Loss_contrast 0.321, Train_accy 64.27
2025-04-09 20:12:12,214 [fcs.py] => Task 0, Epoch 70/101 => Loss 1.727, Loss_clf 1.406, Loss_fkd 0.000, Loss_proto 0.000, Loss_transfer 0.000, Loss_contrast 0.320, Train_accy 64.51
2025-04-09 20:13:30,887 [fcs.py] => Task 0, Epoch 71/101 => Loss 1.719, Loss_clf 1.399, Loss_fkd 0.000, Loss_proto 0.000, Loss_transfer 0.000, Loss_contrast 0.320, Train_accy 64.58, Test_accy 82.80
2025-04-09 20:14:45,099 [fcs.py] => Task 0, Epoch 72/101 => Loss 1.709, Loss_clf 1.389, Loss_fkd 0.000, Loss_proto 0.000, Loss_transfer 0.000, Loss_contrast 0.319, Train_accy 64.97
2025-04-09 20:15:53,965 [fcs.py] => Task 0, Epoch 73/101 => Loss 1.701, Loss_clf 1.382, Loss_fkd 0.000, Loss_proto 0.000, Loss_transfer 0.000, Loss_contrast 0.319, Train_accy 65.14
2025-04-09 20:17:03,637 [fcs.py] => Task 0, Epoch 74/101 => Loss 1.699, Loss_clf 1.378, Loss_fkd 0.000, Loss_proto 0.000, Loss_transfer 0.000, Loss_contrast 0.321, Train_accy 65.07
2025-04-09 20:18:23,337 [fcs.py] => Task 0, Epoch 75/101 => Loss 1.686, Loss_clf 1.365, Loss_fkd 0.000, Loss_proto 0.000, Loss_transfer 0.000, Loss_contrast 0.321, Train_accy 65.35
2025-04-09 20:19:44,408 [fcs.py] => Task 0, Epoch 76/101 => Loss 1.688, Loss_clf 1.366, Loss_fkd 0.000, Loss_proto 0.000, Loss_transfer 0.000, Loss_contrast 0.322, Train_accy 65.35, Test_accy 83.26
2025-04-09 20:21:04,530 [fcs.py] => Task 0, Epoch 77/101 => Loss 1.672, Loss_clf 1.352, Loss_fkd 0.000, Loss_proto 0.000, Loss_transfer 0.000, Loss_contrast 0.320, Train_accy 65.74
2025-04-09 20:22:24,700 [fcs.py] => Task 0, Epoch 78/101 => Loss 1.664, Loss_clf 1.344, Loss_fkd 0.000, Loss_proto 0.000, Loss_transfer 0.000, Loss_contrast 0.320, Train_accy 65.93
2025-04-09 20:23:44,933 [fcs.py] => Task 0, Epoch 79/101 => Loss 1.661, Loss_clf 1.341, Loss_fkd 0.000, Loss_proto 0.000, Loss_transfer 0.000, Loss_contrast 0.320, Train_accy 66.07
2025-04-09 20:25:05,126 [fcs.py] => Task 0, Epoch 80/101 => Loss 1.661, Loss_clf 1.340, Loss_fkd 0.000, Loss_proto 0.000, Loss_transfer 0.000, Loss_contrast 0.321, Train_accy 65.91
2025-04-09 20:26:26,224 [fcs.py] => Task 0, Epoch 81/101 => Loss 1.641, Loss_clf 1.322, Loss_fkd 0.000, Loss_proto 0.000, Loss_transfer 0.000, Loss_contrast 0.319, Train_accy 66.37, Test_accy 83.16
2025-04-09 20:27:46,394 [fcs.py] => Task 0, Epoch 82/101 => Loss 1.645, Loss_clf 1.323, Loss_fkd 0.000, Loss_proto 0.000, Loss_transfer 0.000, Loss_contrast 0.321, Train_accy 66.44
2025-04-09 20:29:06,586 [fcs.py] => Task 0, Epoch 83/101 => Loss 1.633, Loss_clf 1.314, Loss_fkd 0.000, Loss_proto 0.000, Loss_transfer 0.000, Loss_contrast 0.319, Train_accy 66.71
2025-04-09 20:30:26,819 [fcs.py] => Task 0, Epoch 84/101 => Loss 1.631, Loss_clf 1.310, Loss_fkd 0.000, Loss_proto 0.000, Loss_transfer 0.000, Loss_contrast 0.320, Train_accy 66.70
2025-04-09 20:31:47,013 [fcs.py] => Task 0, Epoch 85/101 => Loss 1.620, Loss_clf 1.301, Loss_fkd 0.000, Loss_proto 0.000, Loss_transfer 0.000, Loss_contrast 0.319, Train_accy 66.85
2025-04-09 20:33:08,085 [fcs.py] => Task 0, Epoch 86/101 => Loss 1.614, Loss_clf 1.294, Loss_fkd 0.000, Loss_proto 0.000, Loss_transfer 0.000, Loss_contrast 0.320, Train_accy 67.15, Test_accy 82.82
2025-04-09 20:34:28,259 [fcs.py] => Task 0, Epoch 87/101 => Loss 1.615, Loss_clf 1.295, Loss_fkd 0.000, Loss_proto 0.000, Loss_transfer 0.000, Loss_contrast 0.321, Train_accy 67.17
2025-04-09 20:35:48,402 [fcs.py] => Task 0, Epoch 88/101 => Loss 1.604, Loss_clf 1.285, Loss_fkd 0.000, Loss_proto 0.000, Loss_transfer 0.000, Loss_contrast 0.319, Train_accy 67.24
2025-04-09 20:37:08,688 [fcs.py] => Task 0, Epoch 89/101 => Loss 1.599, Loss_clf 1.279, Loss_fkd 0.000, Loss_proto 0.000, Loss_transfer 0.000, Loss_contrast 0.321, Train_accy 67.53
2025-04-09 20:38:29,085 [fcs.py] => Task 0, Epoch 90/101 => Loss 1.599, Loss_clf 1.278, Loss_fkd 0.000, Loss_proto 0.000, Loss_transfer 0.000, Loss_contrast 0.321, Train_accy 67.42
2025-04-09 20:39:49,973 [fcs.py] => Task 0, Epoch 91/101 => Loss 1.541, Loss_clf 1.221, Loss_fkd 0.000, Loss_proto 0.000, Loss_transfer 0.000, Loss_contrast 0.319, Train_accy 68.93, Test_accy 83.68
2025-04-09 20:41:10,224 [fcs.py] => Task 0, Epoch 92/101 => Loss 1.518, Loss_clf 1.200, Loss_fkd 0.000, Loss_proto 0.000, Loss_transfer 0.000, Loss_contrast 0.318, Train_accy 69.35
2025-04-09 20:42:30,480 [fcs.py] => Task 0, Epoch 93/101 => Loss 1.513, Loss_clf 1.195, Loss_fkd 0.000, Loss_proto 0.000, Loss_transfer 0.000, Loss_contrast 0.318, Train_accy 69.55
2025-04-09 20:43:50,679 [fcs.py] => Task 0, Epoch 94/101 => Loss 1.508, Loss_clf 1.189, Loss_fkd 0.000, Loss_proto 0.000, Loss_transfer 0.000, Loss_contrast 0.319, Train_accy 69.71
2025-04-09 20:45:10,864 [fcs.py] => Task 0, Epoch 95/101 => Loss 1.503, Loss_clf 1.186, Loss_fkd 0.000, Loss_proto 0.000, Loss_transfer 0.000, Loss_contrast 0.317, Train_accy 69.81
2025-04-09 20:46:31,911 [fcs.py] => Task 0, Epoch 96/101 => Loss 1.496, Loss_clf 1.178, Loss_fkd 0.000, Loss_proto 0.000, Loss_transfer 0.000, Loss_contrast 0.318, Train_accy 69.92, Test_accy 83.90
2025-04-09 20:47:52,188 [fcs.py] => Task 0, Epoch 97/101 => Loss 1.502, Loss_clf 1.183, Loss_fkd 0.000, Loss_proto 0.000, Loss_transfer 0.000, Loss_contrast 0.319, Train_accy 69.92
2025-04-09 20:49:12,216 [fcs.py] => Task 0, Epoch 98/101 => Loss 1.496, Loss_clf 1.177, Loss_fkd 0.000, Loss_proto 0.000, Loss_transfer 0.000, Loss_contrast 0.319, Train_accy 70.10
2025-04-09 20:50:32,283 [fcs.py] => Task 0, Epoch 99/101 => Loss 1.486, Loss_clf 1.168, Loss_fkd 0.000, Loss_proto 0.000, Loss_transfer 0.000, Loss_contrast 0.318, Train_accy 70.22
2025-04-09 20:51:50,767 [fcs.py] => Task 0, Epoch 100/101 => Loss 1.485, Loss_clf 1.167, Loss_fkd 0.000, Loss_proto 0.000, Loss_transfer 0.000, Loss_contrast 0.318, Train_accy 70.32
2025-04-09 20:53:07,305 [fcs.py] => Task 0, Epoch 101/101 => Loss 1.492, Loss_clf 1.173, Loss_fkd 0.000, Loss_proto 0.000, Loss_transfer 0.000, Loss_contrast 0.319, Train_accy 70.24, Test_accy 83.76
2025-04-09 20:53:24,639 [trainer.py] => CNN: {'total': 83.76, '00-09': 86.7, '10-19': 79.8, '20-29': 86.5, '30-39': 81.1, '40-49': 84.7, 'old': 0, 'new': 83.76}
2025-04-09 20:53:24,639 [trainer.py] => NME: {'total': 80.84, '00-09': 82.0, '10-19': 73.5, '20-29': 85.6, '30-39': 78.9, '40-49': 84.2, 'old': 0, 'new': 80.84}
2025-04-09 20:53:24,639 [trainer.py] => CNN top1 curve: [83.76]
2025-04-09 20:53:24,639 [trainer.py] => CNN top5 curve: [97.34]
